==> Building with: .venv_build/bin/pyinstaller
28 INFO: PyInstaller: 6.16.0, contrib hooks: 2025.9
28 INFO: Python: 3.11.14
32 INFO: Platform: macOS-26.1-arm64-arm-64bit
32 INFO: Python environment: /Users/hushdesk/Projects/hushdesk-macos/.venv_build
34 INFO: Module search paths (PYTHONPATH):
['/Users/hushdesk/Projects/hushdesk-macos/src',
 '/opt/homebrew/Cellar/python@3.11/3.11.14_1/Frameworks/Python.framework/Versions/3.11/lib/python311.zip',
 '/opt/homebrew/Cellar/python@3.11/3.11.14_1/Frameworks/Python.framework/Versions/3.11/lib/python3.11',
 '/opt/homebrew/Cellar/python@3.11/3.11.14_1/Frameworks/Python.framework/Versions/3.11/lib/python3.11/lib-dynload',
 '/Users/hushdesk/Projects/hushdesk-macos/.venv_build/lib/python3.11/site-packages',
 '/Users/hushdesk/Projects/hushdesk-macos/.venv_build/lib/python3.11/site-packages/setuptools/_vendor',
 '/Users/hushdesk/Projects/hushdesk-macos/src']
101 INFO: Appending 'datas' from .spec
102 INFO: checking Analysis
107 INFO: checking PYZ
108 INFO: EXE target arch: arm64
108 INFO: Code signing identity: None
109 INFO: checking PKG
109 INFO: Bootloader /Users/hushdesk/Projects/hushdesk-macos/.venv_build/lib/python3.11/site-packages/PyInstaller/bootloader/Darwin-64bit/runw
109 INFO: checking EXE
110 INFO: checking COLLECT
110 INFO: Building COLLECT COLLECT-00.toc
446 INFO: Building COLLECT COLLECT-00.toc completed successfully.
449 INFO: checking BUNDLE
450 INFO: Building BUNDLE BUNDLE-00.toc
785 INFO: Signing the BUNDLE...
856 INFO: Building BUNDLE BUNDLE-00.toc completed successfully.
858 INFO: Build complete! The results are available in: /Users/hushdesk/Projects/hushdesk-macos/dist
==> Stamping Info.plist
Stamped VERSION: 0.1.0
Stamped BUILD:   20251105.150158
==> Clearing quarantine (local-only)
Build: PASS
