==> Building with: .venv_build/bin/pyinstaller
29 INFO: PyInstaller: 6.16.0, contrib hooks: 2025.9
29 INFO: Python: 3.11.14
33 INFO: Platform: macOS-26.1-arm64-arm-64bit
33 INFO: Python environment: /Users/hushdesk/Projects/hushdesk-macos/.venv_build
35 INFO: Module search paths (PYTHONPATH):
['/Users/hushdesk/Projects/hushdesk-macos/src',
 '/opt/homebrew/Cellar/python@3.11/3.11.14_1/Frameworks/Python.framework/Versions/3.11/lib/python311.zip',
 '/opt/homebrew/Cellar/python@3.11/3.11.14_1/Frameworks/Python.framework/Versions/3.11/lib/python3.11',
 '/opt/homebrew/Cellar/python@3.11/3.11.14_1/Frameworks/Python.framework/Versions/3.11/lib/python3.11/lib-dynload',
 '/Users/hushdesk/Projects/hushdesk-macos/.venv_build/lib/python3.11/site-packages',
 '/Users/hushdesk/Projects/hushdesk-macos/.venv_build/lib/python3.11/site-packages/setuptools/_vendor',
 '/Users/hushdesk/Projects/hushdesk-macos/src']
101 INFO: Appending 'datas' from .spec
101 INFO: checking Analysis
104 INFO: Building because /Users/hushdesk/Projects/hushdesk-macos/src/hushdesk/app.py changed
104 INFO: Looking for Python shared library...
105 INFO: Using Python shared library: /opt/homebrew/Cellar/python@3.11/3.11.14_1/Frameworks/Python.framework/Versions/3.11/Python
105 INFO: Running Analysis Analysis-00.toc
105 INFO: Target bytecode optimization level: 0
105 INFO: Initializing module dependency graph...
105 INFO: Initializing module graph hook caches...
108 INFO: Analyzing modules for base_library.zip ...
353 INFO: Processing standard module hook 'hook-heapq.py' from '/Users/hushdesk/Projects/hushdesk-macos/.venv_build/lib/python3.11/site-packages/PyInstaller/hooks'
381 INFO: Processing standard module hook 'hook-encodings.py' from '/Users/hushdesk/Projects/hushdesk-macos/.venv_build/lib/python3.11/site-packages/PyInstaller/hooks'
897 INFO: Processing standard module hook 'hook-pickle.py' from '/Users/hushdesk/Projects/hushdesk-macos/.venv_build/lib/python3.11/site-packages/PyInstaller/hooks'
1353 INFO: Caching module dependency graph...
1370 INFO: Analyzing /Users/hushdesk/Projects/hushdesk-macos/src/hushdesk/app.py
1373 INFO: Processing standard module hook 'hook-PySide6.py' from '/Users/hushdesk/Projects/hushdesk-macos/.venv_build/lib/python3.11/site-packages/PyInstaller/hooks'
1435 INFO: Processing standard module hook 'hook-shiboken6.py' from '/Users/hushdesk/Projects/hushdesk-macos/.venv_build/lib/python3.11/site-packages/PyInstaller/hooks'
1488 INFO: Processing standard module hook 'hook-PySide6.QtNetwork.py' from '/Users/hushdesk/Projects/hushdesk-macos/.venv_build/lib/python3.11/site-packages/PyInstaller/hooks'
1825 INFO: Processing standard module hook 'hook-PySide6.QtCore.py' from '/Users/hushdesk/Projects/hushdesk-macos/.venv_build/lib/python3.11/site-packages/PyInstaller/hooks'
2120 INFO: Processing standard module hook 'hook-PySide6.QtWidgets.py' from '/Users/hushdesk/Projects/hushdesk-macos/.venv_build/lib/python3.11/site-packages/PyInstaller/hooks'
2493 INFO: Processing standard module hook 'hook-PySide6.QtGui.py' from '/Users/hushdesk/Projects/hushdesk-macos/.venv_build/lib/python3.11/site-packages/PyInstaller/hooks'
2608 INFO: Processing standard module hook 'hook-platform.py' from '/Users/hushdesk/Projects/hushdesk-macos/.venv_build/lib/python3.11/site-packages/PyInstaller/hooks'
2617 INFO: Processing standard module hook 'hook-xml.py' from '/Users/hushdesk/Projects/hushdesk-macos/.venv_build/lib/python3.11/site-packages/PyInstaller/hooks'
2653 INFO: Processing standard module hook 'hook-zoneinfo.py' from '/Users/hushdesk/Projects/hushdesk-macos/.venv_build/lib/python3.11/site-packages/_pyinstaller_hooks_contrib/stdhooks'
2662 INFO: Processing standard module hook 'hook-sysconfig.py' from '/Users/hushdesk/Projects/hushdesk-macos/.venv_build/lib/python3.11/site-packages/PyInstaller/hooks'
2666 INFO: Processing standard module hook 'hook-_osx_support.py' from '/Users/hushdesk/Projects/hushdesk-macos/.venv_build/lib/python3.11/site-packages/PyInstaller/hooks'
2718 INFO: Processing module hooks (post-graph stage)...
2849 INFO: Processing standard module hook 'hook-PySide6.QtDBus.py' from '/Users/hushdesk/Projects/hushdesk-macos/.venv_build/lib/python3.11/site-packages/PyInstaller/hooks'
2898 INFO: Performing binary vs. data reclassification (125 entries)
2919 INFO: Looking for ctypes DLLs
2923 INFO: Analyzing run-time hooks ...
2923 INFO: Including run-time hook 'pyi_rth_inspect.py' from '/Users/hushdesk/Projects/hushdesk-macos/.venv_build/lib/python3.11/site-packages/PyInstaller/hooks/rthooks'
2924 INFO: Including run-time hook 'pyi_rth_pyside6.py' from '/Users/hushdesk/Projects/hushdesk-macos/.venv_build/lib/python3.11/site-packages/PyInstaller/hooks/rthooks'
2925 INFO: Processing pre-find-module-path hook 'hook-_pyi_rth_utils.py' from '/Users/hushdesk/Projects/hushdesk-macos/.venv_build/lib/python3.11/site-packages/PyInstaller/hooks/pre_find_module_path'
2925 INFO: Processing standard module hook 'hook-_pyi_rth_utils.py' from '/Users/hushdesk/Projects/hushdesk-macos/.venv_build/lib/python3.11/site-packages/PyInstaller/hooks'
2928 INFO: Creating base_library.zip...
2934 INFO: Looking for dynamic libraries
3057 INFO: Warnings written to /Users/hushdesk/Projects/hushdesk-macos/build/HushDesk/warn-HushDesk.txt
3062 INFO: Graph cross-reference written to /Users/hushdesk/Projects/hushdesk-macos/build/HushDesk/xref-HushDesk.html
3128 INFO: checking PYZ
3129 INFO: Building because toc changed
3129 INFO: Building PYZ (ZlibArchive) /Users/hushdesk/Projects/hushdesk-macos/build/HushDesk/PYZ-00.pyz
3219 INFO: Building PYZ (ZlibArchive) /Users/hushdesk/Projects/hushdesk-macos/build/HushDesk/PYZ-00.pyz completed successfully.
3220 INFO: EXE target arch: arm64
3220 INFO: Code signing identity: None
3221 INFO: checking PKG
3221 INFO: Building because /Users/hushdesk/Projects/hushdesk-macos/build/HushDesk/PYZ-00.pyz changed
3221 INFO: Building PKG (CArchive) HushDesk.pkg
3226 INFO: Building PKG (CArchive) HushDesk.pkg completed successfully.
3226 INFO: Bootloader /Users/hushdesk/Projects/hushdesk-macos/.venv_build/lib/python3.11/site-packages/PyInstaller/bootloader/Darwin-64bit/runw
3226 INFO: checking EXE
3226 INFO: Rebuilding EXE-00.toc because pkg is more recent
3226 INFO: Building EXE from EXE-00.toc
3226 INFO: Copying bootloader EXE to /Users/hushdesk/Projects/hushdesk-macos/build/HushDesk/HushDesk
3227 INFO: Converting EXE to target arch (arm64)
3234 INFO: Removing signature(s) from EXE
3242 INFO: Modifying Mach-O image UUID(s) in EXE
3244 INFO: Appending PKG archive to EXE
3244 INFO: Fixing EXE headers for code signing
3245 INFO: Re-signing the EXE
3254 INFO: Building EXE from EXE-00.toc completed successfully.
3255 INFO: checking COLLECT
3256 INFO: Building COLLECT COLLECT-00.toc
3645 INFO: Building COLLECT COLLECT-00.toc completed successfully.
3647 INFO: checking BUNDLE
3648 INFO: Building BUNDLE BUNDLE-00.toc
4062 INFO: Signing the BUNDLE...
4143 INFO: Building BUNDLE BUNDLE-00.toc completed successfully.
4145 INFO: Build complete! The results are available in: /Users/hushdesk/Projects/hushdesk-macos/dist
==> Stamping Info.plist
Stamped VERSION: 0.1.0
Stamped BUILD:   20251105.151134
==> Clearing quarantine (local-only)
Build: PASS
