Cleaning /Users/hushdesk/Projects/hushdesk-macos/dist
37 INFO: PyInstaller: 6.16.0, contrib hooks: 2025.9
37 INFO: Python: 3.9.6
42 INFO: Platform: macOS-26.1-arm64-arm-64bit
42 INFO: Python environment: /Users/hushdesk/Projects/hushdesk-macos/.venv_build
42 INFO: wrote /Users/hushdesk/Projects/hushdesk-macos/HushDesk.spec
53 WARNING: Failed to collect submodules for 'PySide6.scripts.deploy_lib' because importing 'PySide6.scripts.deploy_lib' raised: ModuleNotFoundError: No module named 'project_lib'
717 INFO: Module search paths (PYTHONPATH):
['/Users/hushdesk/Projects/hushdesk-macos/src',
 '/Library/Developer/CommandLineTools/Library/Frameworks/Python3.framework/Versions/3.9/lib/python39.zip',
 '/Library/Developer/CommandLineTools/Library/Frameworks/Python3.framework/Versions/3.9/lib/python3.9',
 '/Library/Developer/CommandLineTools/Library/Frameworks/Python3.framework/Versions/3.9/lib/python3.9/lib-dynload',
 '/Users/hushdesk/Projects/hushdesk-macos/.venv_build/lib/python3.9/site-packages',
 '/Users/hushdesk/Projects/hushdesk-macos/src']
796 INFO: Appending 'binaries' from .spec
799 INFO: Appending 'datas' from .spec
851 INFO: checking Analysis
903 INFO: checking PYZ
905 INFO: EXE target arch: arm64
905 INFO: Code signing identity: None
907 INFO: checking PKG
907 INFO: Bootloader /Users/hushdesk/Projects/hushdesk-macos/.venv_build/lib/python3.9/site-packages/PyInstaller/bootloader/Darwin-64bit/runw
907 INFO: checking EXE
926 INFO: checking COLLECT
926 INFO: Building COLLECT COLLECT-00.toc
Traceback (most recent call last):
  File "/Users/hushdesk/Projects/hushdesk-macos/.venv_build/bin/pyinstaller", line 7, in <module>
    sys.exit(_console_script_run())
  File "/Users/hushdesk/Projects/hushdesk-macos/.venv_build/lib/python3.9/site-packages/PyInstaller/__main__.py", line 231, in _console_script_run
    run()
  File "/Users/hushdesk/Projects/hushdesk-macos/.venv_build/lib/python3.9/site-packages/PyInstaller/__main__.py", line 215, in run
    run_build(pyi_config, spec_file, **vars(args))
  File "/Users/hushdesk/Projects/hushdesk-macos/.venv_build/lib/python3.9/site-packages/PyInstaller/__main__.py", line 70, in run_build
    PyInstaller.building.build_main.main(pyi_config, spec_file, **kwargs)
  File "/Users/hushdesk/Projects/hushdesk-macos/.venv_build/lib/python3.9/site-packages/PyInstaller/building/build_main.py", line 1272, in main
    build(specfile, distpath, workpath, clean_build)
  File "/Users/hushdesk/Projects/hushdesk-macos/.venv_build/lib/python3.9/site-packages/PyInstaller/building/build_main.py", line 1210, in build
    exec(code, spec_namespace)
  File "/Users/hushdesk/Projects/hushdesk-macos/HushDesk.spec", line 44, in <module>
    coll = COLLECT(
  File "/Users/hushdesk/Projects/hushdesk-macos/.venv_build/lib/python3.9/site-packages/PyInstaller/building/api.py", line 1147, in __init__
    self.__postinit__()
  File "/Users/hushdesk/Projects/hushdesk-macos/.venv_build/lib/python3.9/site-packages/PyInstaller/building/datastruct.py", line 184, in __postinit__
    self.assemble()
  File "/Users/hushdesk/Projects/hushdesk-macos/.venv_build/lib/python3.9/site-packages/PyInstaller/building/api.py", line 1210, in assemble
    os.symlink(src_name, dest_path)  # Create link at dest_path, pointing at (relative) src_name
FileExistsError: [Errno 17] File exists: 'Versions/Current/Resources' -> '/Users/hushdesk/Projects/hushdesk-macos/dist/HushDesk/_internal/PySide6/Qt/lib/Qt3DAnimation.framework/Resources'
Build failed: "${PYINSTALLER_BIN}" -y --noconfirm --name "HushDesk" --windowed --add-data "hushdesk/config:config" --collect-all PySide6 --icon "${ICON_PATH}" --osx-bundle-identifier "com.nottingham.hushdesk" src/hushdesk/app.py
