Cleaning /Users/hushdesk/Projects/hushdesk-macos/dist
28 INFO: PyInstaller: 6.16.0, contrib hooks: 2025.9
28 INFO: Python: 3.11.14
32 INFO: Platform: macOS-26.1-arm64-arm-64bit
32 INFO: Python environment: /Users/hushdesk/Projects/hushdesk-macos/.venv_build
32 INFO: wrote /Users/hushdesk/Projects/hushdesk-macos/HushDesk.spec
34 INFO: Module search paths (PYTHONPATH):
['/Users/hushdesk/Projects/hushdesk-macos/src',
 '/opt/homebrew/Cellar/python@3.11/3.11.14_1/Frameworks/Python.framework/Versions/3.11/lib/python311.zip',
 '/opt/homebrew/Cellar/python@3.11/3.11.14_1/Frameworks/Python.framework/Versions/3.11/lib/python3.11',
 '/opt/homebrew/Cellar/python@3.11/3.11.14_1/Frameworks/Python.framework/Versions/3.11/lib/python3.11/lib-dynload',
 '/Users/hushdesk/Projects/hushdesk-macos/.venv_build/lib/python3.11/site-packages',
 '/Users/hushdesk/Projects/hushdesk-macos/.venv_build/lib/python3.11/site-packages/setuptools/_vendor',
 '/Users/hushdesk/Projects/hushdesk-macos/src']
101 INFO: Appending 'datas' from .spec
101 INFO: checking Analysis
101 INFO: Building Analysis because Analysis-00.toc is non existent
101 INFO: Looking for Python shared library...
102 INFO: Using Python shared library: /opt/homebrew/Cellar/python@3.11/3.11.14_1/Frameworks/Python.framework/Versions/3.11/Python
102 INFO: Running Analysis Analysis-00.toc
102 INFO: Target bytecode optimization level: 0
102 INFO: Initializing module dependency graph...
102 INFO: Initializing module graph hook caches...
106 INFO: Analyzing modules for base_library.zip ...
360 INFO: Processing standard module hook 'hook-heapq.py' from '/Users/hushdesk/Projects/hushdesk-macos/.venv_build/lib/python3.11/site-packages/PyInstaller/hooks'
455 INFO: Processing standard module hook 'hook-encodings.py' from '/Users/hushdesk/Projects/hushdesk-macos/.venv_build/lib/python3.11/site-packages/PyInstaller/hooks'
948 INFO: Processing standard module hook 'hook-pickle.py' from '/Users/hushdesk/Projects/hushdesk-macos/.venv_build/lib/python3.11/site-packages/PyInstaller/hooks'
1383 INFO: Caching module dependency graph...
1397 INFO: Analyzing /Users/hushdesk/Projects/hushdesk-macos/src/hushdesk/app.py
1400 INFO: Processing standard module hook 'hook-PySide6.py' from '/Users/hushdesk/Projects/hushdesk-macos/.venv_build/lib/python3.11/site-packages/PyInstaller/hooks'
1463 INFO: Processing standard module hook 'hook-shiboken6.py' from '/Users/hushdesk/Projects/hushdesk-macos/.venv_build/lib/python3.11/site-packages/PyInstaller/hooks'
1515 INFO: Processing standard module hook 'hook-PySide6.QtNetwork.py' from '/Users/hushdesk/Projects/hushdesk-macos/.venv_build/lib/python3.11/site-packages/PyInstaller/hooks'
1848 INFO: Processing standard module hook 'hook-PySide6.QtCore.py' from '/Users/hushdesk/Projects/hushdesk-macos/.venv_build/lib/python3.11/site-packages/PyInstaller/hooks'
2167 INFO: Processing standard module hook 'hook-PySide6.QtWidgets.py' from '/Users/hushdesk/Projects/hushdesk-macos/.venv_build/lib/python3.11/site-packages/PyInstaller/hooks'
2508 INFO: Processing standard module hook 'hook-PySide6.QtGui.py' from '/Users/hushdesk/Projects/hushdesk-macos/.venv_build/lib/python3.11/site-packages/PyInstaller/hooks'
2622 INFO: Processing standard module hook 'hook-platform.py' from '/Users/hushdesk/Projects/hushdesk-macos/.venv_build/lib/python3.11/site-packages/PyInstaller/hooks'
2632 INFO: Processing standard module hook 'hook-xml.py' from '/Users/hushdesk/Projects/hushdesk-macos/.venv_build/lib/python3.11/site-packages/PyInstaller/hooks'
2674 INFO: Processing standard module hook 'hook-zoneinfo.py' from '/Users/hushdesk/Projects/hushdesk-macos/.venv_build/lib/python3.11/site-packages/_pyinstaller_hooks_contrib/stdhooks'
2682 INFO: Processing standard module hook 'hook-sysconfig.py' from '/Users/hushdesk/Projects/hushdesk-macos/.venv_build/lib/python3.11/site-packages/PyInstaller/hooks'
2687 INFO: Processing standard module hook 'hook-_osx_support.py' from '/Users/hushdesk/Projects/hushdesk-macos/.venv_build/lib/python3.11/site-packages/PyInstaller/hooks'
2730 INFO: Processing module hooks (post-graph stage)...
2858 INFO: Processing standard module hook 'hook-PySide6.QtDBus.py' from '/Users/hushdesk/Projects/hushdesk-macos/.venv_build/lib/python3.11/site-packages/PyInstaller/hooks'
2908 INFO: Performing binary vs. data reclassification (125 entries)
2932 INFO: Looking for ctypes DLLs
2936 INFO: Analyzing run-time hooks ...
2936 INFO: Including run-time hook 'pyi_rth_inspect.py' from '/Users/hushdesk/Projects/hushdesk-macos/.venv_build/lib/python3.11/site-packages/PyInstaller/hooks/rthooks'
2937 INFO: Including run-time hook 'pyi_rth_pyside6.py' from '/Users/hushdesk/Projects/hushdesk-macos/.venv_build/lib/python3.11/site-packages/PyInstaller/hooks/rthooks'
2938 INFO: Processing pre-find-module-path hook 'hook-_pyi_rth_utils.py' from '/Users/hushdesk/Projects/hushdesk-macos/.venv_build/lib/python3.11/site-packages/PyInstaller/hooks/pre_find_module_path'
2938 INFO: Processing standard module hook 'hook-_pyi_rth_utils.py' from '/Users/hushdesk/Projects/hushdesk-macos/.venv_build/lib/python3.11/site-packages/PyInstaller/hooks'
2941 INFO: Creating base_library.zip...
2947 INFO: Looking for dynamic libraries
3064 INFO: Warnings written to /Users/hushdesk/Projects/hushdesk-macos/build/HushDesk/warn-HushDesk.txt
3069 INFO: Graph cross-reference written to /Users/hushdesk/Projects/hushdesk-macos/build/HushDesk/xref-HushDesk.html
3135 INFO: checking PYZ
3135 INFO: Building PYZ because PYZ-00.toc is non existent
3135 INFO: Building PYZ (ZlibArchive) /Users/hushdesk/Projects/hushdesk-macos/build/HushDesk/PYZ-00.pyz
3225 INFO: Building PYZ (ZlibArchive) /Users/hushdesk/Projects/hushdesk-macos/build/HushDesk/PYZ-00.pyz completed successfully.
3227 INFO: EXE target arch: arm64
3227 INFO: Code signing identity: None
3227 INFO: checking PKG
3227 INFO: Building PKG because PKG-00.toc is non existent
3227 INFO: Building PKG (CArchive) HushDesk.pkg
3232 INFO: Building PKG (CArchive) HushDesk.pkg completed successfully.
3232 INFO: Bootloader /Users/hushdesk/Projects/hushdesk-macos/.venv_build/lib/python3.11/site-packages/PyInstaller/bootloader/Darwin-64bit/runw
3232 INFO: checking EXE
3232 INFO: Building EXE because EXE-00.toc is non existent
3232 INFO: Building EXE from EXE-00.toc
3232 INFO: Copying bootloader EXE to /Users/hushdesk/Projects/hushdesk-macos/build/HushDesk/HushDesk
3232 INFO: Converting EXE to target arch (arm64)
3240 INFO: Removing signature(s) from EXE
3247 INFO: Modifying Mach-O image UUID(s) in EXE
3249 INFO: Appending PKG archive to EXE
3249 INFO: Fixing EXE headers for code signing
3250 INFO: Re-signing the EXE
3259 INFO: Building EXE from EXE-00.toc completed successfully.
3260 INFO: checking COLLECT
3260 INFO: Building COLLECT because COLLECT-00.toc is non existent
3260 INFO: Building COLLECT COLLECT-00.toc
3654 INFO: Building COLLECT COLLECT-00.toc completed successfully.
3656 INFO: checking BUNDLE
3656 INFO: Building BUNDLE because BUNDLE-00.toc is non existent
3656 INFO: Building BUNDLE BUNDLE-00.toc
4058 INFO: Signing the BUNDLE...
4134 INFO: Building BUNDLE BUNDLE-00.toc completed successfully.
4136 INFO: Build complete! The results are available in: /Users/hushdesk/Projects/hushdesk-macos/dist
Stamped VERSION: 0.1.0
Stamped BUILD:   20251105204339
created: /Users/hushdesk/Projects/hushdesk-macos/dist/HushDesk.dmg
Build artifacts ready:
  App: /Users/hushdesk/Projects/hushdesk-macos/dist/HushDesk.app
  DMG: /Users/hushdesk/Projects/hushdesk-macos/dist/HushDesk.dmg
