Filtering the log data using "process == "HushDesk" OR subsystem CONTAINS "LaunchServices""
Timestamp               Ty Process[PID:TID]
2025-11-05 14:57:40.905 A  HushDesk[9742:120a8] (libsystem_info.dylib) Retrieve User by ID
2025-11-05 14:57:40.905 Df HushDesk[9742:120a8] [com.apple.xpc:connection] [0x10031e970] activating connection: mach=true listener=false peer=false name=com.apple.cfprefsd.daemon
2025-11-05 14:57:40.906 Df HushDesk[9742:120d2] [com.apple.xpc:connection] [0x10031f0c0] activating connection: mach=true listener=false peer=false name=com.apple.cfprefsd.agent
2025-11-05 14:57:40.908 Df HushDesk[9742:120d1] [com.apple.securityd:security_exception] MacOS error: -67030
2025-11-05 14:57:40.908 Df HushDesk[9742:120d1] [com.apple.securityd:security_exception] MacOS error: -67030
2025-11-05 14:57:40.953 I  HushDesk[9742:120a8] [com.apple.CarbonCore:coreservicesdaemon] SCSession():SCSession( id=100, this=0x0x100324750 option=65538) created, forUID=501 mach_port_t=0xe07.
2025-11-05 14:57:40.953 I  HushDesk[9742:120a8] [com.apple.CarbonCore:coreservicesdaemon] SCSession():SCSession( id=101, this=0x0x100324890 option=65538) created, forUID=501 mach_port_t=0x1c0b.
2025-11-05 14:57:40.953 I  HushDesk[9742:120a8] [com.apple.CarbonCore:coreservicesdaemon] connectToCoreServicesD():Instantiating server (coreservicesd based) SCSession, port=0xe07 serverOptions=0x10002.
2025-11-05 14:57:40.954 Df HushDesk[9742:120a8] [com.apple.xpc:connection] [0x100324250] activating connection: mach=true listener=false peer=false name=com.apple.distributed_notifications@Uv3
2025-11-05 14:57:40.955 Df HushDesk[9742:120a8] (libMobileGestalt.dylib) No persisted cache on this platform.
2025-11-05 14:57:40.955 A  HushDesk[9742:120a8] (TCC) TCCAccessRequest() IPC
2025-11-05 14:57:40.955 Df HushDesk[9742:120a8] [com.apple.xpc:connection] [0x87e424140] activating connection: mach=true listener=false peer=false name=com.apple.tccd.system
2025-11-05 14:57:40.955 I  HushDesk[9742:120a8] [com.apple.TCC:access] SEND: 0/7 synchronous to com.apple.tccd.system: request: msgID=9742.1, function=TCCAccessRequest, service=kTCCServiceListenEvent,
2025-11-05 14:57:40.957 I  HushDesk[9742:120a8] [com.apple.TCC:access] RECV: synchronous reply <dictionary: 0x87fb98100> { count = 5, transaction: 0, voucher = 0x0, contents =
	"prompt_type" => <uint64: 0xa64a07559caec97f>: 1
	"auth_value" => <uint64: 0xa64a07559caec97f>: 1
	"preflight_unknown" => <bool: 0x20e26c580>: true
	"auth_version" => <uint64: 0xa64a07559caec97f>: 1
	"auth_reason" => <uint64: 0xa64a07559caec95f>: 5
}
2025-11-05 14:57:40.957 Df HushDesk[9742:120a8] [com.apple.xpc:connection] [0x87e424140] invalidated after the last release of the connection object
2025-11-05 14:57:40.957 Df HushDesk[9742:120a8] [com.apple.SkyLight:default] server port 0x00002a1b, session port 0x00002a1b
2025-11-05 14:57:40.958 Df HushDesk[9742:120a8] [com.apple.xpc:connection] [0x87e424140] activating connection: mach=true listener=false peer=false name=com.apple.coreservices.launchservicesd
2025-11-05 14:57:40.958 I  HushDesk[9742:120a8] [com.apple.launchservices:cas] Registering for notification <private> on default queue, to re-boostrap client connection.
2025-11-05 14:57:40.959 I  HushDesk[9742:120d2] [com.apple.SkyLight:processes] 0[outside of RPC]: First connection id 852083 mapped to ctx = 0x87eb6c000
2025-11-05 14:57:40.959 Df HushDesk[9742:120a8] [com.apple.SkyLight:default] New connection 0xd0073 main
2025-11-05 14:57:40.962 Df HushDesk[9742:120a8] [com.apple.AppKit:Appearance] Current system appearance, (HLTB: 2), (SLS: 1)
2025-11-05 14:57:40.963 Df HushDesk[9742:120a8] [com.apple.AppKit:Appearance] Current system appearance, (HLTB: 2), (SLS: 1)
2025-11-05 14:57:40.963 Df HushDesk[9742:120a8] [com.apple.AppKit:Appearance] Post-registration system appearance: (HLTB: 2)
2025-11-05 14:57:40.963 Df HushDesk[9742:120a8] [com.apple.xpc:connection] [0x87e424280] activating connection: mach=true listener=false peer=false name=com.apple.pasteboard.1
2025-11-05 14:57:40.964 I  HushDesk[9742:120a8] [com.apple.CFPasteboard:entry] CopyData('DefaultAsciiKeyboardLayoutPasteboard' (<CFUUID 0x880071840> 7C656B03-AC62-42BD-8EC6-8874378E6331) gen: -1 item: 1264739405 flavor: 'DefaultAsciiKeyboardLayoutFlavor')
2025-11-05 14:57:40.965 I  HushDesk[9742:120a8] [com.apple.CFPasteboard:cache] Rebuilding cache for 'DefaultAsciiKeyboardLayoutPasteboard' (<CFUUID 0x880071840> 7C656B03-AC62-42BD-8EC6-8874378E6331)
2025-11-05 14:57:40.965 I  HushDesk[9742:120a8] [com.apple.CFPasteboard:exit] (not-in-cache) - result: -8 generation: 0 null data flags: 0
2025-11-05 14:57:40.965 A  HushDesk[9742:120a8] (CoreFoundation) Loading Preferences From User CFPrefsD
2025-11-05 14:57:40.965 A  HushDesk[9742:120a8] (CoreFoundation) Loading Preferences From System CFPrefsD
2025-11-05 14:57:40.965 A  HushDesk[9742:120a8] (libsystem_info.dylib) Membership API: translate identifier
2025-11-05 14:57:40.965 I  HushDesk[9742:120a8] [com.apple.CFPasteboard:entry] CopyData('AppleIntlFileCacheModificationDatePasteboard' (<CFUUID 0x8800719e0> CC2CF7BD-CD1F-4010-9FF2-193CC908251B) gen: -1 item: 1 flavor: '-32766 1768845414')
2025-11-05 14:57:40.965 I  HushDesk[9742:120a8] [com.apple.CFPasteboard:cache] Rebuilding cache for 'AppleIntlFileCacheModificationDatePasteboard' (<CFUUID 0x8800719e0> CC2CF7BD-CD1F-4010-9FF2-193CC908251B)
2025-11-05 14:57:40.966 I  HushDesk[9742:120a8] [com.apple.CFPasteboard:general] Will request data from daemon
2025-11-05 14:57:40.966 Df HushDesk[9742:120a8] [com.apple.xpc:connection] [0x87e424500] activating connection: mach=true listener=false peer=false name=com.apple.lsd.mapdb
2025-11-05 14:57:40.966 I  HushDesk[9742:120a8] [com.apple.launchservices:db] LaunchServices database schema version: 18874393
2025-11-05 14:57:40.966 I  HushDesk[9742:120a8] [com.apple.CFPasteboard:exit] (not-in-cache) - result: 0 generation: 1 data (310 bytes) flags: 0
2025-11-05 14:57:40.966 I  HushDesk[9742:120a8] [com.apple.CFPasteboard:entry] CopyData('AppleIntlFileCacheModificationDatePasteboard' (<CFUUID 0x8800719e0> CC2CF7BD-CD1F-4010-9FF2-193CC908251B) gen: -1 item: 1 flavor: '-32765 1802264953')
2025-11-05 14:57:40.966 I  HushDesk[9742:120a8] [com.apple.CFPasteboard:general] Will request data from daemon
2025-11-05 14:57:40.966 I  HushDesk[9742:120a8] [com.apple.CFPasteboard:exit] (not-in-cache) - result: 0 generation: 1 data (306 bytes) flags: 0
2025-11-05 14:57:40.966 I  HushDesk[9742:120a8] [com.apple.CFPasteboard:entry] CopyData('AppleIntlFileCacheModificationDatePasteboard' (<CFUUID 0x8800719e0> CC2CF7BD-CD1F-4010-9FF2-193CC908251B) gen: -1 item: 1 flavor: '-32764 1802264953')
2025-11-05 14:57:40.966 I  HushDesk[9742:120a8] [com.apple.CFPasteboard:general] Will request data from daemon
2025-11-05 14:57:40.966 I  HushDesk[9742:120a8] [com.apple.CFPasteboard:exit] (not-in-cache) - result: 0 generation: 1 data (281 bytes) flags: 0
2025-11-05 14:57:40.966 I  HushDesk[9742:120a8] [com.apple.CFPasteboard:entry] CopyData('AppleIntlFileCacheModificationDatePasteboard' (<CFUUID 0x8800719e0> CC2CF7BD-CD1F-4010-9FF2-193CC908251B) gen: -1 item: 1 flavor: '-32763 1802264953')
2025-11-05 14:57:40.966 I  HushDesk[9742:120a8] [com.apple.CFPasteboard:general] Will request data from daemon
2025-11-05 14:57:40.967 I  HushDesk[9742:120a8] [com.apple.CFPasteboard:exit] (not-in-cache) - result: 0 generation: 1 data (321 bytes) flags: 0
2025-11-05 14:57:40.967 I  HushDesk[9742:120a8] [com.apple.CFPasteboard:entry] CopyData('AppleIntlFileCacheModificationDatePasteboard' (<CFUUID 0x8800719e0> CC2CF7BD-CD1F-4010-9FF2-193CC908251B) gen: -1 item: 1 flavor: '-32765 1768845414')
2025-11-05 14:57:40.967 I  HushDesk[9742:120a8] [com.apple.CFPasteboard:general] Will request data from daemon
2025-11-05 14:57:40.967 I  HushDesk[9742:120a8] [com.apple.CFPasteboard:exit] (not-in-cache) - result: 0 generation: 1 data (303 bytes) flags: 0
2025-11-05 14:57:40.967 I  HushDesk[9742:120a8] [com.apple.CFPasteboard:entry] CopyData('AppleIntlFileCacheModificationDatePasteboard' (<CFUUID 0x8800719e0> CC2CF7BD-CD1F-4010-9FF2-193CC908251B) gen: -1 item: 1 flavor: '-32763 1768845414')
2025-11-05 14:57:40.967 I  HushDesk[9742:120a8] [com.apple.CFPasteboard:general] Will request data from daemon
2025-11-05 14:57:40.967 I  HushDesk[9742:120a8] [com.apple.CFPasteboard:exit] (not-in-cache) - result: 0 generation: 1 data (318 bytes) flags: 0
2025-11-05 14:57:40.973 Df HushDesk[9742:120a8] [com.apple.AppKit:AutomaticTermination] void _NSDisableAutomaticTerminationAndLog(NSString *) No windows open yet
2025-11-05 14:57:40.974 I  HushDesk[9742:120a8] [com.apple.hiservices:processmgr] Checking in with CAS, pid=9742
2025-11-05 14:57:40.974 I  HushDesk[9742:120a8] [com.apple.launchservices:cas] LSApplicationCheckIn(), app being registered is:"/Users/hushdesk/Projects/hushdesk-macos/dist/HushDesk.app/Contents/MacOS/HushDesk"
2025-11-05 14:57:40.974 I  HushDesk[9742:120a8] [com.apple.launchservices:cas]  { "ApplicationType"="Foreground", "CFBundleDisplayName"="HushDesk", "CFBundleExecutable"="HushDesk", "CFBundleExecutablePath"="/Users/hushdesk/Projects/hushdesk-macos/dist/HushDesk.app/Contents/MacOS/HushDesk", "CFBundleIconFile"="hushdesk", "CFBundleIdentifier"="com.nottingham.hushdesk", "CFBundleInfoDictionaryVersion"="6.0", "CFBundleName"="HushDesk", "CFBundleNumericVersion"=0, "CFBundlePackageType"="APPL", "CFBundleShortVersionString"="0.1.0", "CFBundleSignature"="????", "CFBundleVersion"="20251105.204501", "Flavor"=3, "LSApplicationCategoryType"="public.app-category.productivity", "LSArchitecture"="arm64", "LSBundlePath"="/Users/hushdesk/Projects/hushdesk-macos/dist/HushDesk.app", "LSBundlePathSandboxExtensionKey"="3e08144c1ae3d3d371ed735d5162c7f866907d6c80804308db8256507238a61b;00;00000000;00000000;00000000;000000000000001a;com.apple.app-sandbox.read;01;0100000e;0000000000239449;01;/users/hushdesk/projects/hushdesk-macos/dist/hushdesk.app", "LSCheckInTime*"=now-ish 2025/11/05 14:57:40, "LSDYLDP<…>
2025-11-05 14:57:40.974 Df HushDesk[9742:120a8] [com.apple.processmanager:front-35286506] CHECKIN: pid=9742
2025-11-05 14:57:40.975 Df HushDesk[9742:120a8] [com.apple.processmanager:front-35286506] CHECKEDIN: pid=9742 asn=0x0-0x4c04c foreground=1
2025-11-05 14:57:40.975 I  HushDesk[9742:120a8] [com.apple.launchservices:cas] Setting processControlState to default PROC_SETPC_SUSPEND because application does not have LSProcessControlValue key
2025-11-05 14:57:40.975 Df HushDesk[9742:120a8] [com.apple.xpc:connection] [0x87e4243c0] activating connection: mach=false listener=true peer=false name=(anonymous)
2025-11-05 14:57:40.975 Df HushDesk[9742:120a8] [com.apple.xpc:connection] [0x87e4243c0] Connection returned listener port: 0x4b03
2025-11-05 14:57:40.975 Df HushDesk[9742:120d3] [com.apple.xpc:connection] [0x88018c300] activating connection: mach=false listener=false peer=true name=com.apple.xpc.anonymous.0x87e4243c0.peer[365].0x88018c300
2025-11-05 14:57:40.976 Df HushDesk[9742:120a8] [com.apple.processmanager:front-35286506] FRONTLOGGING: version 1
2025-11-05 14:57:40.976 Df HushDesk[9742:120a8] [com.apple.processmanager:front-35286506] Registered, pid=9742 ASN=0x0,0x4c04c
2025-11-05 14:57:40.976 Df HushDesk[9742:120a8] [com.apple.xpc:connection] [0x87e424640] activating connection: mach=true listener=false peer=false name=com.apple.analyticsd
2025-11-05 14:57:40.976 I  HushDesk[9742:120a8] [com.apple.CoreAnalytics:client] Daemon status changed from 0 to 1
2025-11-05 14:57:40.976 I  HushDesk[9742:120a8] [com.apple.hiservices:processmgr] _RegisterApplication( pid 9742 => 0x0,0x4c04c) type=foreground
2025-11-05 14:57:40.976 Df HushDesk[9742:120a8] [com.apple.xpc:connection] [0x87e4243c0] Connection returned listener port: 0x4b03
2025-11-05 14:57:40.977 Df HushDesk[9742:120d5] [com.apple.CoreAnalytics:client] Received configuration update from daemon (initial)
2025-11-05 14:57:40.977 I  HushDesk[9742:120a8] [com.apple.launchservices:cas] CFArrayRef _LSCopyLaunchModifiers(LSSessionID, LSASNRef _Nonnull), result for psn [ kLSCurrentApp ASN, 0x0,0x2]  is 1 items.
2025-11-05 14:57:40.977 Df HushDesk[9742:120a8] [com.apple.processmanager:front-35286506] BringForward: pid=9742 asn=0x0-0x4c04c bringForward=1 foreground=1 uiElement=0 launchedByLS=1 modifiersCount=1 allDisabled=0
2025-11-05 14:57:40.977 Df HushDesk[9742:120a8] [com.apple.processmanager:front-35286506] BringFrontModifier: pid=9742 asn=0x0-0x4c04c Modifier 0 hideAfter=0 hideOthers=0 dontMakeFrontmost=0 mouseDown=0/0 seed=0/0
2025-11-05 14:57:40.977 Df HushDesk[9742:120a8] [com.apple.processmanager:front-35286506] BringForward: pid=9742 asn=0x0-0x4c04c
2025-11-05 14:57:40.977 Df HushDesk[9742:120a8] [com.apple.processmanager:front-35286506] SetFrontProcess: asn=0x0-0x4c04c options=0
2025-11-05 14:57:40.977 I  HushDesk[9742:120a8] [com.apple.SkyLight:processes] 0[outside of RPC]: SLPSetFrontProcess(0x0-0x4c04c window=0 options=0x0
2025-11-05 14:57:40.977 I  HushDesk[9742:120d2] [com.apple.launchservices:default] Unable to load Info.plist exceptions (eGPUOverrides)
2025-11-05 14:57:40.977 I  HushDesk[9742:120d2] [com.apple.launchservices:default] Unable to load Info.plist exceptions (gameModeOverrides)
2025-11-05 14:57:40.977 I  HushDesk[9742:120d2] [com.apple.launchservices:default] Unable to load Info.plist exceptions (identifiedGameOverrides)
2025-11-05 14:57:40.977 I  HushDesk[9742:120d2] [com.apple.launchservices:default] Unable to load Info.plist exceptions (SystemHiddenPreferred)
2025-11-05 14:57:40.979 I  HushDesk[9742:120d5] [com.apple.launchservices:cas] information in shared memory for 0x0-0x4c04c with seed 533 was still valid, so using cached info { "ApplicationType"="Foreground", "BundleIdentifierLowerCase"="com.nottingham.hushdesk", "CFBundleDisplayName"="HushDesk", "CFBundleExecutable"="HushDesk", "CFBundleExecutablePath"="/Users/hushdesk/Projects/hushdesk-macos/dist/HushDesk.app/Contents/MacOS/HushDesk", "CFBundleExecutablePathDeviceID"=16777230, "CFBundleExecutablePathINode"=2332259, "CFBundleIconFile"="hushdesk", "CFBundleIdentifier"="com.nottingham.hushdesk", "CFBundleInfoDictionaryVersion"="6.0", "CFBundleName"="HushDesk", "CFBundleNameLowerCase"="hushdesk", "CFBundleNumericVersion"=0, "CFBundlePackageType"="APPL", "CFBundleShortVersionString"="0.1.0", "CFBundleSignature"="????", "CFBundleVersion"="20251105.204501", "CanBecomeFrontmost"=true, "ChangeCount"=533, "Flavor"=3, "Hidden"=false, "LSASN"=ASN:0x0-0x4c04c:, "LSApplicationCategoryType"="public.app-category.productivity", "LSApplicationCoalitionIDKey"=1919, "LSApplicationHasRegistered"=true, "LSApplicationMemberCoalitionIDKey"=1919, "LSApplicationReadyToBeFrontab<…>
2025-11-05 14:57:40.980 Df HushDesk[9742:120a8] [com.apple.FrontBoard:Common] FBSWorkspace: endpoint monitoring is disabled.
2025-11-05 14:57:40.980 Df HushDesk[9742:120a8] [com.apple.FrontBoard:Common] FBSWorkspace: default shell endpoint is disabled.
2025-11-05 14:57:40.980 Df HushDesk[9742:120a8] [com.apple.runningboard:connection] Initializing connection
2025-11-05 14:57:40.980 Df HushDesk[9742:120a8] [com.apple.runningboard:process] Removing all cached process handles
2025-11-05 14:57:40.980 Df HushDesk[9742:120d2] [com.apple.runningboard:connection] Sending handshake request attempt #1 to server
2025-11-05 14:57:40.980 Df HushDesk[9742:120d2] [com.apple.runningboard:connection] Creating connection to com.apple.runningboard
2025-11-05 14:57:40.980 Df HushDesk[9742:120d2] [com.apple.xpc:connection] [0x87e424780] activating connection: mach=true listener=false peer=false name=com.apple.runningboard
2025-11-05 14:57:40.980 A  HushDesk[9742:120d3] (RunningBoardServices) didChangeInheritances
2025-11-05 14:57:40.980 Df HushDesk[9742:120a8] [com.apple.xpc:connection] [0x87e4243c0] Connection returned listener port: 0x4b03
2025-11-05 14:57:40.980 I  HushDesk[9742:120a8] [com.apple.launchservices:cas] information in shared memory for 0x0-0x4c04c with seed 533 was still valid, so using cached info { "ApplicationType"="Foreground", "BundleIdentifierLowerCase"="com.nottingham.hushdesk", "CFBundleDisplayName"="HushDesk", "CFBundleExecutable"="HushDesk", "CFBundleExecutablePath"="/Users/hushdesk/Projects/hushdesk-macos/dist/HushDesk.app/Contents/MacOS/HushDesk", "CFBundleExecutablePathDeviceID"=16777230, "CFBundleExecutablePathINode"=2332259, "CFBundleIconFile"="hushdesk", "CFBundleIdentifier"="com.nottingham.hushdesk", "CFBundleInfoDictionaryVersion"="6.0", "CFBundleName"="HushDesk", "CFBundleNameLowerCase"="hushdesk", "CFBundleNumericVersion"=0, "CFBundlePackageType"="APPL", "CFBundleShortVersionString"="0.1.0", "CFBundleSignature"="????", "CFBundleVersion"="20251105.204501", "CanBecomeFrontmost"=true, "ChangeCount"=533, "Flavor"=3, "Hidden"=false, "LSASN"=ASN:0x0-0x4c04c:, "LSApplicationCategoryType"="public.app-category.productivity", "LSApplicationCoalitionIDKey"=1919, "LSApplicationHasRegistered"=true, "LSApplicationMemberCoalitionIDKey"=1919, "LSApplicationReadyToBeFrontab<…>
2025-11-05 14:57:40.981 Df HushDesk[9742:120d2] [com.apple.runningboard:connection] Handshake succeeded
2025-11-05 14:57:40.981 Df HushDesk[9742:120d2] [com.apple.runningboard:connection] Identity resolved as app<application.com.nottingham.hushdesk.2331721.2332259.BDC6DB6B-F8F5-4933-B626-9652476A59DB(501)>
2025-11-05 14:57:40.982 Df HushDesk[9742:120a8] [com.apple.xpc:connection] [0x87e4243c0] Connection returned listener port: 0x4b03
2025-11-05 14:57:40.983 Df HushDesk[9742:120d3] [com.apple.appintents:Connection] Created a new Process Instance Registry XPC connection (inactive)
2025-11-05 14:57:40.983 Df HushDesk[9742:120d3] [com.apple.xpc:connection] [0x87e424a00] activating connection: mach=true listener=false peer=false name=com.apple.linkd.autoShortcut
2025-11-05 14:57:40.983 Df HushDesk[9742:120d3] [com.apple.appintents:Connection] Activated connection to com.apple.linkd.autoShortcut (ApplicationService)
2025-11-05 14:57:40.983 Df HushDesk[9742:120d3] [com.apple.xpc:connection] [0x87e424b40] activating connection: mach=false listener=true peer=false name=(anonymous)
2025-11-05 14:57:40.983 I  HushDesk[9742:120a8] [com.apple.launchservices:cas] information in shared memory for 0x0-0x4c04c with seed 533 was still valid, so using cached info { "ApplicationType"="Foreground", "BundleIdentifierLowerCase"="com.nottingham.hushdesk", "CFBundleDisplayName"="HushDesk", "CFBundleExecutable"="HushDesk", "CFBundleExecutablePath"="/Users/hushdesk/Projects/hushdesk-macos/dist/HushDesk.app/Contents/MacOS/HushDesk", "CFBundleExecutablePathDeviceID"=16777230, "CFBundleExecutablePathINode"=2332259, "CFBundleIconFile"="hushdesk", "CFBundleIdentifier"="com.nottingham.hushdesk", "CFBundleInfoDictionaryVersion"="6.0", "CFBundleName"="HushDesk", "CFBundleNameLowerCase"="hushdesk", "CFBundleNumericVersion"=0, "CFBundlePackageType"="APPL", "CFBundleShortVersionString"="0.1.0", "CFBundleSignature"="????", "CFBundleVersion"="20251105.204501", "CanBecomeFrontmost"=true, "ChangeCount"=533, "Flavor"=3, "Hidden"=false, "LSASN"=ASN:0x0-0x4c04c:, "LSApplicationCategoryType"="public.app-category.productivity", "LSApplicationCoalitionIDKey"=1919, "LSApplicationHasRegistered"=true, "LSApplicationMemberCoalitionIDKey"=1919, "LSApplicationReadyToBeFrontab<…>
2025-11-05 14:57:40.983 I  HushDesk[9742:120a8] [com.apple.hiservices:processmgr] TransformProcessType(0x0,0x2 => 1 wasFront=1 pickNew=0)
2025-11-05 14:57:40.983 I  HushDesk[9742:120d3] [com.apple.appintents:Execution] LNAppConnectionListener instantiated
2025-11-05 14:57:40.984 Df HushDesk[9742:120d3] [com.apple.xpc:connection] [0x87e424b40] Connection returned listener port: 0x8103
2025-11-05 14:57:40.984 Df HushDesk[9742:120d3] [com.apple.appintents:Connection] Registered process with identifier 9742-19827
2025-11-05 14:57:40.985 I  HushDesk[9742:120a8] [com.apple.CoreAnalytics:client] Dropping "com.apple.appkit.app_config" as it isn't used in any transform (not in the config or budgeted?)
2025-11-05 14:57:40.987 Df HushDesk[9742:120a8] [com.apple.AppKit:Appearance] NSApp cache appearance:
-NSRequiresAquaSystemAppearance: 0
-appearance: (null)
-effectiveAppearance: <NSCompositeAppearance: 0x87fb945a0
 (
    "<NSDarkAquaAppearance: 0x87fb94460>",
    "<NSSystemAppearance: 0x87fb94140>"
)>
2025-11-05 14:57:40.988 I  HushDesk[9742:120a8] [com.apple.CarbonCore:nameddata] getCSNamedDataConnection_block_invoke NAMEDDATA: Creating connection object.
2025-11-05 14:57:40.988 Df HushDesk[9742:120a8] [com.apple.xpc:connection] [0x87e424c80] activating connection: mach=false listener=false peer=false name=com.apple.carboncore.csnameddata
2025-11-05 14:57:40.991 I  HushDesk[9742:120a8] [com.apple.CarbonCore:nameddata] _CSGetNamedData _CSGetNamedData(/System/Library/Colors/System.clr/System.clr, err=0 data=0x1057b4000/14131
2025-11-05 14:57:40.993 I  HushDesk[9742:120a8] [com.apple.CarbonCore:nameddata] _CSReleaseNamedData _CSReleaseNamedData(/System/Library/Colors/System.clr/System.clr, data=0x1057b4000/14131
2025-11-05 14:57:40.993 Df HushDesk[9742:120a8] [com.apple.xpc:connection] [0x87e424dc0] activating connection: mach=true listener=false peer=false name=com.apple.fonts
2025-11-05 14:57:41.043 A  HushDesk[9742:120a8] (CoreFoundation) Loading Preferences From User CFPrefsD
2025-11-05 14:57:41.044 A  HushDesk[9742:120a8] (CoreFoundation) Loading Preferences From User CFPrefsD
2025-11-05 14:57:41.049 Df HushDesk[9742:120a8] [com.apple.BoardServices:XPCErrors] [C:1] Alloc <private>
2025-11-05 14:57:41.049 Df HushDesk[9742:120a8] [com.apple.xpc:connection] [0x87e4252c0] activating connection: mach=false listener=false peer=false name=(anonymous)
2025-11-05 14:57:41.051 Df HushDesk[9742:120a8] [com.apple.xpc:connection] [0x87e425400] activating connection: mach=true listener=false peer=false name=com.apple.appkit.restoration_storage
2025-11-05 14:57:41.055 I  HushDesk[9742:120a8] [com.apple.AppKit:Window] context (0 -> a6b483de) for window 132
2025-11-05 14:57:41.056 I  HushDesk[9742:120a8] [com.apple.CoreAnalytics:client] Dropping "com.apple.appkit.app_config" as it isn't used in any transform (not in the config or budgeted?)
2025-11-05 14:57:41.056 I  HushDesk[9742:120a8] [com.apple.CoreAnalytics:client] Dropping "com.apple.appkit.app_config" as it isn't used in any transform (not in the config or budgeted?)
2025-11-05 14:57:41.057 Df HushDesk[9742:120d3] [com.apple.xpc:connection] [0x87e425900] activating connection: mach=true listener=false peer=false name=com.apple.dock.fullscreen
2025-11-05 14:57:41.058 Df HushDesk[9742:120d3] [com.apple.corespotlight:index] (<private>) deleteSearchableItemsWithDomainIdentifiers, protectionClass:(null), domainIdentifiers number:1
2025-11-05 14:57:41.058 A  HushDesk[9742:120d3] (CoreSpotlight) delete-domains
2025-11-05 14:57:41.058 Df HushDesk[9742:120d3] (CoreSpotlight) sConnectionName: com.apple.spotlight.IndexAgent
2025-11-05 14:57:41.058 Df HushDesk[9742:120d3] (CoreSpotlight) Start service name com.apple.spotlight.IndexAgent
2025-11-05 14:57:41.058 Df HushDesk[9742:120d3] [com.apple.xpc:connection] [0x87e425a40] activating connection: mach=true listener=false peer=false name=com.apple.spotlight.IndexAgent
2025-11-05 14:57:41.066 I  HushDesk[9742:120a8] [com.apple.launchservices:cas] information in shared memory for 0x0-0x4c04c with seed 533 was still valid, so using cached info { "ApplicationType"="Foreground", "BundleIdentifierLowerCase"="com.nottingham.hushdesk", "CFBundleDisplayName"="HushDesk", "CFBundleExecutable"="HushDesk", "CFBundleExecutablePath"="/Users/hushdesk/Projects/hushdesk-macos/dist/HushDesk.app/Contents/MacOS/HushDesk", "CFBundleExecutablePathDeviceID"=16777230, "CFBundleExecutablePathINode"=2332259, "CFBundleIconFile"="hushdesk", "CFBundleIdentifier"="com.nottingham.hushdesk", "CFBundleInfoDictionaryVersion"="6.0", "CFBundleName"="HushDesk", "CFBundleNameLowerCase"="hushdesk", "CFBundleNumericVersion"=0, "CFBundlePackageType"="APPL", "CFBundleShortVersionString"="0.1.0", "CFBundleSignature"="????", "CFBundleVersion"="20251105.204501", "CanBecomeFrontmost"=true, "ChangeCount"=533, "Flavor"=3, "Hidden"=false, "LSASN"=ASN:0x0-0x4c04c:, "LSApplicationCategoryType"="public.app-category.productivity", "LSApplicationCoalitionIDKey"=1919, "LSApplicationHasRegistered"=true, "LSApplicationMemberCoalitionIDKey"=1919, "LSApplicationReadyToBeFrontab<…>
2025-11-05 14:57:41.067 I  HushDesk[9742:120a8] [com.apple.launchservices:cas] information in shared memory for 0x0-0x4c04c with seed 533 was still valid, so using cached info { "ApplicationType"="Foreground", "BundleIdentifierLowerCase"="com.nottingham.hushdesk", "CFBundleDisplayName"="HushDesk", "CFBundleExecutable"="HushDesk", "CFBundleExecutablePath"="/Users/hushdesk/Projects/hushdesk-macos/dist/HushDesk.app/Contents/MacOS/HushDesk", "CFBundleExecutablePathDeviceID"=16777230, "CFBundleExecutablePathINode"=2332259, "CFBundleIconFile"="hushdesk", "CFBundleIdentifier"="com.nottingham.hushdesk", "CFBundleInfoDictionaryVersion"="6.0", "CFBundleName"="HushDesk", "CFBundleNameLowerCase"="hushdesk", "CFBundleNumericVersion"=0, "CFBundlePackageType"="APPL", "CFBundleShortVersionString"="0.1.0", "CFBundleSignature"="????", "CFBundleVersion"="20251105.204501", "CanBecomeFrontmost"=true, "ChangeCount"=533, "Flavor"=3, "Hidden"=false, "LSASN"=ASN:0x0-0x4c04c:, "LSApplicationCategoryType"="public.app-category.productivity", "LSApplicationCoalitionIDKey"=1919, "LSApplicationHasRegistered"=true, "LSApplicationMemberCoalitionIDKey"=1919, "LSApplicationReadyToBeFrontab<…>
2025-11-05 14:57:41.067 Df HushDesk[9742:120a8] [com.apple.xpc:connection] [0x87e425b80] activating connection: mach=false listener=false peer=false name=com.apple.ViewBridgeAuxiliary
2025-11-05 14:57:41.067 Df HushDesk[9742:120a8] [com.apple.xpc:connection] [0x87e425cc0] activating connection: mach=false listener=false peer=false name=(anonymous)
2025-11-05 14:57:41.067 Df HushDesk[9742:120a8] [com.apple.xpc:connection] [0x87e425e00] activating connection: mach=false listener=true peer=false name=(anonymous)
2025-11-05 14:57:41.067 Df HushDesk[9742:120a8] [com.apple.xpc:connection] [0x87e425e00] Connection returned listener port: 0xf803
2025-11-05 14:57:41.067 Df HushDesk[9742:120a8] [com.apple.xpc:connection] [0x87e425b80] invalidated after the last release of the connection object
2025-11-05 14:57:41.068 I  HushDesk[9742:120a8] [com.apple.CarbonCore:gestalt] SetGestaltValuesBulk SetGestaltValuesBulk( count=22 tuples=0x1a4327e20
2025-11-05 14:57:41.068 I  HushDesk[9742:120a8] [com.apple.CarbonCore:gestalt] SetGestaltValue SetGestaltValue(alis 1C9) => 0
2025-11-05 14:57:41.068 I  HushDesk[9742:120a8] [com.apple.CarbonCore:gestalt] SetGestaltValue SetGestaltValue(os   FE) => 0
2025-11-05 14:57:41.068 I  HushDesk[9742:120a8] [com.apple.CarbonCore:gestalt] SetGestaltValue SetGestaltValue(addr 7) => 0
2025-11-05 14:57:41.068 I  HushDesk[9742:120a8] [com.apple.CarbonCore:gestalt] SetGestaltValue SetGestaltValue(fs   3D332) => 0
2025-11-05 14:57:41.068 I  HushDesk[9742:120a8] [com.apple.CarbonCore:gestalt] SetGestaltValue SetGestaltValue(fold 11) => 0
2025-11-05 14:57:41.068 I  HushDesk[9742:120a8] [com.apple.CarbonCore:gestalt] SetGestaltValue SetGestaltValue(lram 7FFFF000) => 0
2025-11-05 14:57:41.068 I  HushDesk[9742:120a8] [com.apple.CarbonCore:gestalt] SetGestaltValue SetGestaltValue(mmap 1) => 0
2025-11-05 14:57:41.068 I  HushDesk[9742:120a8] [com.apple.CarbonCore:gestalt] SetGestaltValue SetGestaltValue(cfrg 1) => 0
2025-11-05 14:57:41.068 I  HushDesk[9742:120a8] [com.apple.CarbonCore:gestalt] SetGestaltValue SetGestaltValue(thds 7) => 0
2025-11-05 14:57:41.068 I  HushDesk[9742:120a8] [com.apple.CarbonCore:gestalt] SetGestaltValue SetGestaltValue(tmgr E) => 0
2025-11-05 14:57:41.068 I  HushDesk[9742:120a8] [com.apple.CarbonCore:gestalt] SetGestaltValue SetGestaltValue(vers 7) => 0
2025-11-05 14:57:41.068 I  HushDesk[9742:120a8] [com.apple.CarbonCore:gestalt] SetGestaltValue SetGestaltValue(cbon 160) => 0
2025-11-05 14:57:41.068 I  HushDesk[9742:120a8] [com.apple.CarbonCore:gestalt] SetGestaltValue SetGestaltValue(cltn 1108000) => 0
2025-11-05 14:57:41.068 I  HushDesk[9742:120a8] [com.apple.CarbonCore:gestalt] SetGestaltValue SetGestaltValue(cpnt 8) => 0
2025-11-05 14:57:41.068 I  HushDesk[9742:120a8] [com.apple.CarbonCore:gestalt] SetGestaltValue SetGestaltValue(rsrc 3) => 0
2025-11-05 14:57:41.068 I  HushDesk[9742:120a8] [com.apple.CarbonCore:gestalt] SetGestaltValue SetGestaltValue(rmbg 11F) => 0
2025-11-05 14:57:41.068 I  HushDesk[9742:120a8] [com.apple.CarbonCore:gestalt] SetGestaltValue SetGestaltValue(vm   11) => 0
2025-11-05 14:57:41.068 I  HushDesk[9742:120a8] [com.apple.CarbonCore:gestalt] SetGestaltValue SetGestaltValue(srad 4170706C) => 0
2025-11-05 14:57:41.068 I  HushDesk[9742:120a8] [com.apple.CarbonCore:gestalt] SetGestaltValue SetGestaltValue(sysa 14) => 0
2025-11-05 14:57:41.068 I  HushDesk[9742:120a8] [com.apple.CarbonCore:gestalt] SetGestaltValue SetGestaltValue(copl 9) => 0
2025-11-05 14:57:41.068 I  HushDesk[9742:120a8] [com.apple.CarbonCore:gestalt] SetGestaltValue SetGestaltValue(xlat 0) => 0
2025-11-05 14:57:41.068 I  HushDesk[9742:120a8] [com.apple.CarbonCore:gestalt] SetGestaltValue SetGestaltValue(stdf 0) => 0
2025-11-05 14:57:41.068 I  HushDesk[9742:120a8] [com.apple.CarbonCore:gestalt] _NewGestalt _NewGestalt(ram  0x1a429fda0) => 0
2025-11-05 14:57:41.068 I  HushDesk[9742:120a8] [com.apple.CarbonCore:gestalt] _NewGestalt _NewGestalt(ramm 0x1a429fda0) => 0
2025-11-05 14:57:41.068 I  HushDesk[9742:120a8] [com.apple.CarbonCore:gestalt] _NewGestalt _NewGestalt(cput 0x1a429fe90) => 0
2025-11-05 14:57:41.068 I  HushDesk[9742:120a8] [com.apple.CarbonCore:gestalt] _NewGestalt _NewGestalt(cpuf 0x1a429fec0) => 0
2025-11-05 14:57:41.068 I  HushDesk[9742:120a8] [com.apple.CarbonCore:gestalt] _NewGestalt _NewGestalt(bclk 0x1a429fef0) => 0
2025-11-05 14:57:41.068 I  HushDesk[9742:120a8] [com.apple.CarbonCore:gestalt] _NewGestalt _NewGestalt(bclm 0x1a429fef0) => 0
2025-11-05 14:57:41.068 I  HushDesk[9742:120a8] [com.apple.CarbonCore:gestalt] _NewGestalt _NewGestalt(pclk 0x1a429ff90) => 0
2025-11-05 14:57:41.068 I  HushDesk[9742:120a8] [com.apple.CarbonCore:gestalt] _NewGestalt _NewGestalt(mclk 0x1a429ff90) => 0
2025-11-05 14:57:41.068 I  HushDesk[9742:120a8] [com.apple.CarbonCore:gestalt] _NewGestalt _NewGestalt(a/ux 0x1a42a00a8) => 0
2025-11-05 14:57:41.068 I  HushDesk[9742:120a8] [com.apple.CarbonCore:gestalt] _NewGestalt _NewGestalt(pgsz 0x1a42a00b0) => 0
2025-11-05 14:57:41.068 I  HushDesk[9742:120a8] [com.apple.CarbonCore:gestalt] _NewGestalt _NewGestalt(csiz 0x1a42a00f0) => 0
2025-11-05 14:57:41.068 I  HushDesk[9742:120a8] [com.apple.CarbonCore:gestalt] _NewGestalt _NewGestalt(sysv 0x1a424b1a4) => 0
2025-11-05 14:57:41.068 I  HushDesk[9742:120a8] [com.apple.CarbonCore:gestalt] _NewGestalt _NewGestalt(sys1 0x1a424b1a4) => 0
2025-11-05 14:57:41.068 I  HushDesk[9742:120a8] [com.apple.CarbonCore:gestalt] _NewGestalt _NewGestalt(sys2 0x1a424b1a4) => 0
2025-11-05 14:57:41.068 I  HushDesk[9742:120a8] [com.apple.CarbonCore:gestalt] _NewGestalt _NewGestalt(sys3 0x1a424b1a4) => 0
2025-11-05 14:57:41.068 I  HushDesk[9742:120a8] [com.apple.CarbonCore:gestalt] _NewGestalt _NewGestalt(cdfl 0x1a42a0130) => 0
2025-11-05 14:57:41.068 I  HushDesk[9742:120a8] [com.apple.CarbonCore:gestalt] _NewGestalt _NewGestalt(cdrm 0x1a42a038c) => 0
2025-11-05 14:57:41.068 I  HushDesk[9742:120a8] [com.apple.CarbonCore:gestalt] _NewGestalt _NewGestalt(cpus 0x1a42a03d4) => 0
2025-11-05 14:57:41.068 I  HushDesk[9742:120a8] [com.apple.CarbonCore:gestalt] SetGestaltValue SetGestaltValue(swex 1) => 0
2025-11-05 14:57:41.073 I  HushDesk[9742:120a8] [com.apple.AppKit:Window] context (0 -> 4c5193c8) for window 133
2025-11-05 14:57:41.074 Df HushDesk[9742:120a8] [com.apple.inputmethodkitClient:Client] +[IMKClient subclass]: chose IMKClient_Modern
2025-11-05 14:57:41.074 Df HushDesk[9742:120a8] [com.apple.BoardServices:XPCErrors] [C:2] Alloc com.apple.backboard.hid-services.xpc
2025-11-05 14:57:41.074 Df HushDesk[9742:120a8] [com.apple.xpc:connection] [0x87e425f40] activating connection: mach=false listener=false peer=false name=(anonymous)
2025-11-05 14:57:41.074 E  HushDesk[9742:120d3] [com.apple.BaseBoard:Common] Unable to obtain a task name port right for pid 398: (os/kern) failure (0x5)
2025-11-05 14:57:41.074 Df HushDesk[9742:120d3] [com.apple.xpc:connection] [0x87e426080] activating connection: mach=false listener=false peer=false name=com.apple.TextInputUI.xpc.CursorUIViewService
2025-11-05 14:57:41.075 Df HushDesk[9742:120d3] [com.apple.xpc:connection] [0x87e426080] invalidated after the last release of the connection object
2025-11-05 14:57:41.075 I  HushDesk[9742:120a8] [com.apple.CoreAnalytics:client] Dropping "com.apple.appkit.app_config" as it isn't used in any transform (not in the config or budgeted?)
2025-11-05 14:57:41.076 I  HushDesk[9742:120a8] [com.apple.launchservices:datasep] application record search init. Node: <FSNode 0x87e75fd00> { isDir = y, path = <private> } bundleID: (null) itemID: 0
2025-11-05 14:57:41.076 I  HushDesk[9742:120a8] [com.apple.launchservices:datasep] application record search init. Node: <FSNode 0x87e75fd00> { isDir = y, path = <private> } bundleID: (null) itemID: 0
2025-11-05 14:57:41.076 Df HushDesk[9742:120a8] [com.apple.xpc:connection] [0x87e426580] activating connection: mach=true listener=false peer=false name=com.apple.iconservices
2025-11-05 14:57:41.076 A  HushDesk[9742:120da] (RunningBoardServices) didChangeInheritances
2025-11-05 14:57:41.077 Df HushDesk[9742:120a8] [com.apple.xpc:connection] [0x87e4266c0] activating connection: mach=true listener=false peer=false name=com.apple.iconservices.store
2025-11-05 14:57:41.077 I  HushDesk[9742:120a8] [com.apple.launchservices:datasep] application record search init. Node: <FSNode 0x87e5f8f40> { isDir = ?, path = <private> } bundleID: (null) itemID: 0
2025-11-05 14:57:41.078 I  HushDesk[9742:120a8] [com.apple.iconservices:foundation] layer data size zero
2025-11-05 14:57:41.078 I  HushDesk[9742:120a8] [com.apple.AppKit:Window] order window front conditionally: 132 related: 0
2025-11-05 14:57:41.078 Df HushDesk[9742:120a8] [com.apple.AppKit:AutomaticTermination] void _NSEnableAutomaticTerminationAndLog(NSString *) No windows open yet
2025-11-05 14:57:41.078 I  HushDesk[9742:120a8] [com.apple.AppKit:Intelligence] starting collection observation
2025-11-05 14:57:41.078 Df HushDesk[9742:120d3] [com.apple.UIIntelligenceSupport:xpc] establishing connection to agent
2025-11-05 14:57:41.079 Df HushDesk[9742:120d3] [com.apple.xpc:session] [0x87e786170] Session created.
2025-11-05 14:57:41.079 Df HushDesk[9742:120d3] [com.apple.xpc:session] [0x87e786170] Session created from connection [0x87e426080]
2025-11-05 14:57:41.079 Df HushDesk[9742:120d3] [com.apple.xpc:connection] [0x87e426080] activating connection: mach=true listener=false peer=false name=com.apple.uiintelligencesupport.agent
2025-11-05 14:57:41.079 Df HushDesk[9742:120d3] [com.apple.xpc:session] [0x87e786170] Session activated
2025-11-05 14:57:41.079 Df HushDesk[9742:120d3] [com.apple.UIIntelligenceSupport:xpc] Connection established with agent PID: 1225
2025-11-05 14:57:41.079 Df HushDesk[9742:120a8] [com.apple.dt.xctest:Default] Registering for test daemon availability notify post.
2025-11-05 14:57:41.079 Df HushDesk[9742:120a8] [com.apple.dt.xctest:Default] notify_get_state check indicated test daemon not ready.
2025-11-05 14:57:41.079 Df HushDesk[9742:120a8] [com.apple.dt.xctest:Default] notify_get_state check indicated test daemon not ready.
2025-11-05 14:57:41.079 Df HushDesk[9742:120a8] [com.apple.dt.xctest:Default] notify_get_state check indicated test daemon not ready.
2025-11-05 14:57:41.085 I  HushDesk[9742:120a8] [com.apple.GenerativeModels:availability] useCaseIdentifier: com.apple.WritingTools has externalModelProviders: <private> and providerSettingsUseCaseIdentifiers: <private>
2025-11-05 14:57:41.085 I  HushDesk[9742:120a8] [com.apple.GenerativeModels:availability] Current availability state: available, use cases: com.apple.WritingTools, language: <any>, api: <private>
2025-11-05 14:57:41.085 Df HushDesk[9742:120a8] [com.apple.GenerativeModels:availability] registering darwin observer for name: com.apple.gms.availability.notification
2025-11-05 14:57:41.085 Df HushDesk[9742:120a8] [com.apple.GenerativeModels:availability] registering darwin observer for name: com.apple.os-eligibility-domain.change.greymatter
2025-11-05 14:57:41.085 Df HushDesk[9742:120a8] [com.apple.GenerativeModels:availability] registering darwin observer for name: com.apple.language.changed
2025-11-05 14:57:41.085 Df HushDesk[9742:120a8] [com.apple.WritingTools:Default] isAvailable value changed: isMDMAllowed = true, gmAvailable (current) = true
2025-11-05 14:57:41.091 I  HushDesk[9742:120a8] [com.apple.launchservices:cas] information in shared memory for 0x0-0x4c04c with seed 533 was still valid, so using cached info { "ApplicationType"="Foreground", "BundleIdentifierLowerCase"="com.nottingham.hushdesk", "CFBundleDisplayName"="HushDesk", "CFBundleExecutable"="HushDesk", "CFBundleExecutablePath"="/Users/hushdesk/Projects/hushdesk-macos/dist/HushDesk.app/Contents/MacOS/HushDesk", "CFBundleExecutablePathDeviceID"=16777230, "CFBundleExecutablePathINode"=2332259, "CFBundleIconFile"="hushdesk", "CFBundleIdentifier"="com.nottingham.hushdesk", "CFBundleInfoDictionaryVersion"="6.0", "CFBundleName"="HushDesk", "CFBundleNameLowerCase"="hushdesk", "CFBundleNumericVersion"=0, "CFBundlePackageType"="APPL", "CFBundleShortVersionString"="0.1.0", "CFBundleSignature"="????", "CFBundleVersion"="20251105.204501", "CanBecomeFrontmost"=true, "ChangeCount"=533, "Flavor"=3, "Hidden"=false, "LSASN"=ASN:0x0-0x4c04c:, "LSApplicationCategoryType"="public.app-category.productivity", "LSApplicationCoalitionIDKey"=1919, "LSApplicationHasRegistered"=true, "LSApplicationMemberCoalitionIDKey"=1919, "LSApplicationReadyToBeFrontab<…>
2025-11-05 14:57:41.091 I  HushDesk[9742:120a8] [com.apple.CoreAnalytics:client] Dropping "com.apple.appkit.app_config" as it isn't used in any transform (not in the config or budgeted?)
2025-11-05 14:57:41.091 I  HushDesk[9742:120a8] [com.apple.launchservices:cas] information in shared memory for 0x0-0x4c04c with seed 533 was still valid, so using cached info { "ApplicationType"="Foreground", "BundleIdentifierLowerCase"="com.nottingham.hushdesk", "CFBundleDisplayName"="HushDesk", "CFBundleExecutable"="HushDesk", "CFBundleExecutablePath"="/Users/hushdesk/Projects/hushdesk-macos/dist/HushDesk.app/Contents/MacOS/HushDesk", "CFBundleExecutablePathDeviceID"=16777230, "CFBundleExecutablePathINode"=2332259, "CFBundleIconFile"="hushdesk", "CFBundleIdentifier"="com.nottingham.hushdesk", "CFBundleInfoDictionaryVersion"="6.0", "CFBundleName"="HushDesk", "CFBundleNameLowerCase"="hushdesk", "CFBundleNumericVersion"=0, "CFBundlePackageType"="APPL", "CFBundleShortVersionString"="0.1.0", "CFBundleSignature"="????", "CFBundleVersion"="20251105.204501", "CanBecomeFrontmost"=true, "ChangeCount"=533, "Flavor"=3, "Hidden"=false, "LSASN"=ASN:0x0-0x4c04c:, "LSApplicationCategoryType"="public.app-category.productivity", "LSApplicationCoalitionIDKey"=1919, "LSApplicationHasRegistered"=true, "LSApplicationMemberCoalitionIDKey"=1919, "LSApplicationReadyToBeFrontab<…>
2025-11-05 14:57:41.091 Df HushDesk[9742:120a8] [com.apple.xpc:connection] [0x87e426300] activating connection: mach=true listener=false peer=false name=com.apple.coreservices.appleevents
2025-11-05 14:57:41.092 I  HushDesk[9742:120a8] [com.apple.appleevents:main] _AEGetRegisteredMachPort() created default port (port:49667/0xc203 rcv:1 send:1 limit:5) and registered it with server
2025-11-05 14:57:41.092 Df HushDesk[9742:120a8] [com.apple.xpc:connection] [0x87e4243c0] Connection returned listener port: 0x4b03
2025-11-05 14:57:41.092 I  HushDesk[9742:120a8] [com.apple.launchservices:cas] information in shared memory for 0x0-0x4c04c with seed 533 was still valid, so using cached info { "ApplicationType"="Foreground", "BundleIdentifierLowerCase"="com.nottingham.hushdesk", "CFBundleDisplayName"="HushDesk", "CFBundleExecutable"="HushDesk", "CFBundleExecutablePath"="/Users/hushdesk/Projects/hushdesk-macos/dist/HushDesk.app/Contents/MacOS/HushDesk", "CFBundleExecutablePathDeviceID"=16777230, "CFBundleExecutablePathINode"=2332259, "CFBundleIconFile"="hushdesk", "CFBundleIdentifier"="com.nottingham.hushdesk", "CFBundleInfoDictionaryVersion"="6.0", "CFBundleName"="HushDesk", "CFBundleNameLowerCase"="hushdesk", "CFBundleNumericVersion"=0, "CFBundlePackageType"="APPL", "CFBundleShortVersionString"="0.1.0", "CFBundleSignature"="????", "CFBundleVersion"="20251105.204501", "CanBecomeFrontmost"=true, "ChangeCount"=533, "Flavor"=3, "Hidden"=false, "LSASN"=ASN:0x0-0x4c04c:, "LSApplicationCategoryType"="public.app-category.productivity", "LSApplicationCoalitionIDKey"=1919, "LSApplicationHasRegistered"=true, "LSApplicationMemberCoalitionIDKey"=1919, "LSApplicationReadyToBeFrontab<…>
2025-11-05 14:57:41.092 Df HushDesk[9742:120a8] [com.apple.processmanager:front-35286506] SignalReady: pid=9742 asn=0x0-0x4c04c
2025-11-05 14:57:41.092 Df HushDesk[9742:120a8] [com.apple.processmanager:front-35286506] SIGNAL: pid=9742 asn=0x0x-0x4c04c
2025-11-05 14:57:41.092 I  HushDesk[9742:120a8] [com.apple.appleevents:main] aeGenerateFakeFirstOAPPEventIfNecessary()
2025-11-05 14:57:41.092 I  HushDesk[9742:120a8] [com.apple.appleevents:main] aeGenerateFakeFirstOAPPEventIfNecessary(), needToCreateFakeOAPPEventIfFirstEvent == true
2025-11-05 14:57:41.092 I  HushDesk[9742:120a8] [com.apple.launchservices:cas] Removing cached information for app [ 0x0-0x4c04c]  "HushDesk", as its seed is different from that in shared memory ( 533 vs 535)
2025-11-05 14:57:41.093 I  HushDesk[9742:120a8] [com.apple.AppKit:Window] context (0 -> f9902d0) for window 137
2025-11-05 14:57:41.093 I  HushDesk[9742:120a8] [com.apple.AppKit:Window] context (0 -> 24f39eb6) for window 136
2025-11-05 14:57:41.093 I  HushDesk[9742:120a8] [com.apple.AppKit:Window] context (0 -> fc998633) for window 135
2025-11-05 14:57:41.093 I  HushDesk[9742:120a8] [com.apple.AppKit:Window] context (0 -> 419fef77) for window 134
2025-11-05 14:57:41.102 I  HushDesk[9742:120a8] [com.apple.CoreAnalytics:client] Dropping "com.apple.appkit.app_config" as it isn't used in any transform (not in the config or budgeted?)
2025-11-05 14:57:41.104 I  HushDesk[9742:120a8] [com.apple.coreimage:api] Software context does not yet support 8bit working format
2025-11-05 14:57:41.105 I  HushDesk[9742:120d3] [com.apple.CoreAnalytics:client] Dropping "com.apple.coreimage.CreateCIContext" as it isn't used in any transform (not in the config or budgeted?)
2025-11-05 14:57:41.106 I  HushDesk[9742:120a8] [com.apple.CoreAnalytics:client] Dropping "com.apple.appkit.app_config" as it isn't used in any transform (not in the config or budgeted?)
2025-11-05 14:57:41.109 I  HushDesk[9742:120a8] [com.apple.CFPasteboard:entry] CopyData('DefaultAsciiKeyboardLayoutPasteboard' (<CFUUID 0x880071840> 7C656B03-AC62-42BD-8EC6-8874378E6331) gen: -1 item: 1264739405 flavor: 'DefaultAsciiKeyboardLayoutFlavor')
2025-11-05 14:57:41.109 I  HushDesk[9742:120a8] [com.apple.CFPasteboard:exit] (not-in-cache) - result: -8 generation: 0 null data flags: 0
2025-11-05 14:57:41.109 I  HushDesk[9742:120a8] [com.apple.SafariPlatformSupport:SafariPlatformSupport] -[SFSafariPlatformSupport credentialSelected:] with nil credential
2025-11-05 14:57:41.109 I  HushDesk[9742:120a8] [com.apple.SafariPlatformSupport:SafariPlatformSupport] -[SFSafariPlatformSupport oneTimeCodeSelected:] with nil code
2025-11-05 14:57:41.109 Df HushDesk[9742:120f3] [com.apple.xpc:connection] [0x87e426bc0] activating connection: mach=false listener=false peer=false name=com.apple.SafariPlatformSupport.Helper
2025-11-05 14:57:41.110 Df HushDesk[9742:120a8] [com.apple.xpc:connection] [0x87e4261c0] activating connection: mach=false listener=false peer=false name=(anonymous)
2025-11-05 14:57:41.110 Df HushDesk[9742:120a8] [com.apple.xpc:connection] [0x87e426d00] activating connection: mach=false listener=false peer=false name=com.apple.ViewBridgeAuxiliary
2025-11-05 14:57:41.110 Df HushDesk[9742:120a8] [com.apple.xpc:connection] [0x87e426e40] activating connection: mach=false listener=false peer=false name=(anonymous)
2025-11-05 14:57:41.110 Df HushDesk[9742:120a8] [com.apple.xpc:connection] [0x87e426d00] invalidated after the last release of the connection object
2025-11-05 14:57:41.115 I  HushDesk[9742:120a8] [com.apple.CarbonCore:coreservicesdaemon] findOrCreateCacheable():findOrCreateCacheable(), factoryName=3 cacheableName=<private> fCacheables.size()=0
2025-11-05 14:57:41.115 I  HushDesk[9742:120a8] [com.apple.CarbonCore:coreservicesdaemon] findOrCreateCacheable():findOrCreateCacheable(), result = 0x880521040 (should be non-NULL)
2025-11-05 14:57:41.115 Df HushDesk[9742:120a8] [com.apple.AppKit:AutomaticTermination] void _NSDisableAutomaticTerminationAndLog(NSString *) Restoring windows
2025-11-05 14:57:41.116 Df HushDesk[9742:120a8] [com.apple.AppKit:StateRestoration] -[NSApplication _reopenWindowsAsNecessaryIncludingRestorableState:withFullFidelity:completionHandler:] shouldRestoreState=1 hasPersistentStateToRestore=1 shouldStillRestoreStateAfterPrompting=1
2025-11-05 14:57:41.116 I  HushDesk[9742:120a8] [com.apple.SkyLight:processes] 0[outside of RPC]: SLSSetFrontProcessWithInfo(0x0-0x2 window=0 options=0x1
2025-11-05 14:57:41.117 Df HushDesk[9742:120a8] [com.apple.AppKit:AutomaticTermination] void _NSEnableAutomaticTerminationAndLog(NSString *) Restoring windows
2025-11-05 14:57:41.117 I  HushDesk[9742:120a8] [com.apple.launchservices:cas] information in shared memory for 0x0-0x4c04c with seed 535 was still valid, so using cached info { "ApplicationType"="Foreground", "BundleIdentifierLowerCase"="com.nottingham.hushdesk", "CFBundleDisplayName"="HushDesk", "CFBundleExecutable"="HushDesk", "CFBundleExecutablePath"="/Users/hushdesk/Projects/hushdesk-macos/dist/HushDesk.app/Contents/MacOS/HushDesk", "CFBundleExecutablePathDeviceID"=16777230, "CFBundleExecutablePathINode"=2332259, "CFBundleIconFile"="hushdesk", "CFBundleIdentifier"="com.nottingham.hushdesk", "CFBundleInfoDictionaryVersion"="6.0", "CFBundleName"="HushDesk", "CFBundleNameLowerCase"="hushdesk", "CFBundleNumericVersion"=0, "CFBundlePackageType"="APPL", "CFBundleShortVersionString"="0.1.0", "CFBundleSignature"="????", "CFBundleVersion"="20251105.204501", "CanBecomeFrontmost"=true, "ChangeCount"=535, "Flavor"=3, "Hidden"=false, "LSASN"=ASN:0x0-0x4c04c:, "LSApplicationCategoryType"="public.app-category.productivity", "LSApplicationCoalitionIDKey"=1919, "LSApplicationHasRegistered"=true, "LSApplicationHasSignalledItIsReady"=true, "LSApplicationMemberCoalition<…>
2025-11-05 14:57:41.117 I  HushDesk[9742:120a8] [com.apple.launchservices:cas] _LSSetMetaApplicationInfo({
    LSFrontReservationExists = 1;
})
2025-11-05 14:57:41.117 I  HushDesk[9742:120a8] [com.apple.launchservices:cas] information in shared memory for 0x0-0x4c04c with seed 535 was still valid, so using cached info { "ApplicationType"="Foreground", "BundleIdentifierLowerCase"="com.nottingham.hushdesk", "CFBundleDisplayName"="HushDesk", "CFBundleExecutable"="HushDesk", "CFBundleExecutablePath"="/Users/hushdesk/Projects/hushdesk-macos/dist/HushDesk.app/Contents/MacOS/HushDesk", "CFBundleExecutablePathDeviceID"=16777230, "CFBundleExecutablePathINode"=2332259, "CFBundleIconFile"="hushdesk", "CFBundleIdentifier"="com.nottingham.hushdesk", "CFBundleInfoDictionaryVersion"="6.0", "CFBundleName"="HushDesk", "CFBundleNameLowerCase"="hushdesk", "CFBundleNumericVersion"=0, "CFBundlePackageType"="APPL", "CFBundleShortVersionString"="0.1.0", "CFBundleSignature"="????", "CFBundleVersion"="20251105.204501", "CanBecomeFrontmost"=true, "ChangeCount"=535, "Flavor"=3, "Hidden"=false, "LSASN"=ASN:0x0-0x4c04c:, "LSApplicationCategoryType"="public.app-category.productivity", "LSApplicationCoalitionIDKey"=1919, "LSApplicationHasRegistered"=true, "LSApplicationHasSignalledItIsReady"=true, "LSApplicationMemberCoalition<…>
2025-11-05 14:57:41.117 I  HushDesk[9742:120a8] [com.apple.launchservices:cas] information in shared memory for 0x0-0x4c04c with seed 535 was still valid, so using cached info { "ApplicationType"="Foreground", "BundleIdentifierLowerCase"="com.nottingham.hushdesk", "CFBundleDisplayName"="HushDesk", "CFBundleExecutable"="HushDesk", "CFBundleExecutablePath"="/Users/hushdesk/Projects/hushdesk-macos/dist/HushDesk.app/Contents/MacOS/HushDesk", "CFBundleExecutablePathDeviceID"=16777230, "CFBundleExecutablePathINode"=2332259, "CFBundleIconFile"="hushdesk", "CFBundleIdentifier"="com.nottingham.hushdesk", "CFBundleInfoDictionaryVersion"="6.0", "CFBundleName"="HushDesk", "CFBundleNameLowerCase"="hushdesk", "CFBundleNumericVersion"=0, "CFBundlePackageType"="APPL", "CFBundleShortVersionString"="0.1.0", "CFBundleSignature"="????", "CFBundleVersion"="20251105.204501", "CanBecomeFrontmost"=true, "ChangeCount"=535, "Flavor"=3, "Hidden"=false, "LSASN"=ASN:0x0-0x4c04c:, "LSApplicationCategoryType"="public.app-category.productivity", "LSApplicationCoalitionIDKey"=1919, "LSApplicationHasRegistered"=true, "LSApplicationHasSignalledItIsReady"=true, "LSApplicationMemberCoalition<…>
2025-11-05 14:57:41.117 I  HushDesk[9742:120a8] [com.apple.SkyLight:processes] 0[outside of RPC]: SLSSetFrontProcessWithInfo(0x0-0x2 window=0 options=0x100 allWindows
2025-11-05 14:57:41.118 I  HushDesk[9742:120a8] [com.apple.launchservices:cas] information in shared memory for 0x0-0x4c04c with seed 535 was still valid, so using cached info { "ApplicationType"="Foreground", "BundleIdentifierLowerCase"="com.nottingham.hushdesk", "CFBundleDisplayName"="HushDesk", "CFBundleExecutable"="HushDesk", "CFBundleExecutablePath"="/Users/hushdesk/Projects/hushdesk-macos/dist/HushDesk.app/Contents/MacOS/HushDesk", "CFBundleExecutablePathDeviceID"=16777230, "CFBundleExecutablePathINode"=2332259, "CFBundleIconFile"="hushdesk", "CFBundleIdentifier"="com.nottingham.hushdesk", "CFBundleInfoDictionaryVersion"="6.0", "CFBundleName"="HushDesk", "CFBundleNameLowerCase"="hushdesk", "CFBundleNumericVersion"=0, "CFBundlePackageType"="APPL", "CFBundleShortVersionString"="0.1.0", "CFBundleSignature"="????", "CFBundleVersion"="20251105.204501", "CanBecomeFrontmost"=true, "ChangeCount"=535, "Flavor"=3, "Hidden"=false, "LSASN"=ASN:0x0-0x4c04c:, "LSApplicationCategoryType"="public.app-category.productivity", "LSApplicationCoalitionIDKey"=1919, "LSApplicationHasRegistered"=true, "LSApplicationHasSignalledItIsReady"=true, "LSApplicationMemberCoalition<…>
2025-11-05 14:57:41.119 I  HushDesk[9742:120a8] [com.apple.launchservices:cas] information in shared memory for 0x0-0x4c04c with seed 535 was still valid, so using cached info { "ApplicationType"="Foreground", "BundleIdentifierLowerCase"="com.nottingham.hushdesk", "CFBundleDisplayName"="HushDesk", "CFBundleExecutable"="HushDesk", "CFBundleExecutablePath"="/Users/hushdesk/Projects/hushdesk-macos/dist/HushDesk.app/Contents/MacOS/HushDesk", "CFBundleExecutablePathDeviceID"=16777230, "CFBundleExecutablePathINode"=2332259, "CFBundleIconFile"="hushdesk", "CFBundleIdentifier"="com.nottingham.hushdesk", "CFBundleInfoDictionaryVersion"="6.0", "CFBundleName"="HushDesk", "CFBundleNameLowerCase"="hushdesk", "CFBundleNumericVersion"=0, "CFBundlePackageType"="APPL", "CFBundleShortVersionString"="0.1.0", "CFBundleSignature"="????", "CFBundleVersion"="20251105.204501", "CanBecomeFrontmost"=true, "ChangeCount"=535, "Flavor"=3, "Hidden"=false, "LSASN"=ASN:0x0-0x4c04c:, "LSApplicationCategoryType"="public.app-category.productivity", "LSApplicationCoalitionIDKey"=1919, "LSApplicationHasRegistered"=true, "LSApplicationHasSignalledItIsReady"=true, "LSApplicationMemberCoalition<…>
2025-11-05 14:57:41.125 Df HushDesk[9742:120a8] [com.apple.xpc:connection] [0x87e426d00] activating connection: mach=true listener=false peer=false name=com.apple.window_proxies
2025-11-05 14:57:41.125 Df HushDesk[9742:120a8] [com.apple.xpc:connection] [0x87e426d00] invalidated because the current process cancelled the connection by calling xpc_connection_cancel()
2025-11-05 14:57:41.126 I  HushDesk[9742:120a8] [com.apple.showhide:pr-59900543] SHOWHIDE: SHOW id=8 0x0-0x4C04C, err=0 eventTime=3396403834625 windowID=0
2025-11-05 14:57:41.126 I  HushDesk[9742:120a8] [com.apple.AppKit:Window] order all windows front 3396403834625
2025-11-05 14:57:41.127 I  HushDesk[9742:120a8] [com.apple.launchservices:cas] information in shared memory for 0x0-0x4c04c with seed 535 was still valid, so using cached info { "ApplicationType"="Foreground", "BundleIdentifierLowerCase"="com.nottingham.hushdesk", "CFBundleDisplayName"="HushDesk", "CFBundleExecutable"="HushDesk", "CFBundleExecutablePath"="/Users/hushdesk/Projects/hushdesk-macos/dist/HushDesk.app/Contents/MacOS/HushDesk", "CFBundleExecutablePathDeviceID"=16777230, "CFBundleExecutablePathINode"=2332259, "CFBundleIconFile"="hushdesk", "CFBundleIdentifier"="com.nottingham.hushdesk", "CFBundleInfoDictionaryVersion"="6.0", "CFBundleName"="HushDesk", "CFBundleNameLowerCase"="hushdesk", "CFBundleNumericVersion"=0, "CFBundlePackageType"="APPL", "CFBundleShortVersionString"="0.1.0", "CFBundleSignature"="????", "CFBundleVersion"="20251105.204501", "CanBecomeFrontmost"=true, "ChangeCount"=535, "Flavor"=3, "Hidden"=false, "LSASN"=ASN:0x0-0x4c04c:, "LSApplicationCategoryType"="public.app-category.productivity", "LSApplicationCoalitionIDKey"=1919, "LSApplicationHasRegistered"=true, "LSApplicationHasSignalledItIsReady"=true, "LSApplicationMemberCoalition<…>
2025-11-05 14:57:41.127 I  HushDesk[9742:120a8] [com.apple.showhide:pr-59900543] SHOWHIDE: CONFIRM, id=8, err=0
2025-11-05 14:57:41.127 I  HushDesk[9742:120a8] [com.apple.runningboard:assertion] Acquiring assertion: <RBSAssertionDescriptor| "AppNap adapter assertion" ID:(null) target:9742>
2025-11-05 14:57:41.134 Df HushDesk[9742:120a8] [com.apple.TextInputUI:CursorUI] -[TUINSCursorUIController activate:]_block_invoke: Create CursorUIViewService: TUINSRemoteViewController
2025-11-05 14:57:41.134 I  HushDesk[9742:120a8] [com.apple.AppKit:Window] window <TUINSWindow: 0x880166f80> windowNumber=133 finishing close
2025-11-05 14:57:41.134 I  HushDesk[9742:120a8] [com.apple.AppKit:Window] order window: 133 op: 0 relative: 0 related: 0
2025-11-05 14:57:41.151 I  HushDesk[9742:120a8] [com.apple.launchservices:cas] information in shared memory for 0x0-0x4c04c with seed 535 was still valid, so using cached info { "ApplicationType"="Foreground", "BundleIdentifierLowerCase"="com.nottingham.hushdesk", "CFBundleDisplayName"="HushDesk", "CFBundleExecutable"="HushDesk", "CFBundleExecutablePath"="/Users/hushdesk/Projects/hushdesk-macos/dist/HushDesk.app/Contents/MacOS/HushDesk", "CFBundleExecutablePathDeviceID"=16777230, "CFBundleExecutablePathINode"=2332259, "CFBundleIconFile"="hushdesk", "CFBundleIdentifier"="com.nottingham.hushdesk", "CFBundleInfoDictionaryVersion"="6.0", "CFBundleName"="HushDesk", "CFBundleNameLowerCase"="hushdesk", "CFBundleNumericVersion"=0, "CFBundlePackageType"="APPL", "CFBundleShortVersionString"="0.1.0", "CFBundleSignature"="????", "CFBundleVersion"="20251105.204501", "CanBecomeFrontmost"=true, "ChangeCount"=535, "Flavor"=3, "Hidden"=false, "LSASN"=ASN:0x0-0x4c04c:, "LSApplicationCategoryType"="public.app-category.productivity", "LSApplicationCoalitionIDKey"=1919, "LSApplicationHasRegistered"=true, "LSApplicationHasSignalledItIsReady"=true, "LSApplicationMemberCoalition<…>
2025-11-05 14:57:41.158 A  HushDesk[9742:120da] (RunningBoardServices) didChangeInheritances
2025-11-05 14:57:41.166 Df HushDesk[9742:120da] [com.apple.xpc:connection] [0x87e426bc0] invalidated after the last release of the connection object
2025-11-05 14:57:41.166 Df HushDesk[9742:120a8] [com.apple.xpc:connection] [0x87e426d00] activating connection: mach=false listener=false peer=false name=(anonymous)
2025-11-05 14:57:41.166 Df HushDesk[9742:120a8] [com.apple.xpc:connection] [0x87e426bc0] activating connection: mach=false listener=false peer=false name=(anonymous)
2025-11-05 14:57:41.206 I  HushDesk[9742:120a8] [com.apple.AppKit:Window] context (0 -> e0d2222b) for window 13c
2025-11-05 14:57:41.206 I  HushDesk[9742:120a8] [com.apple.AppKit:Window] order window: 13c op: 0 relative: 0 related: 0
2025-11-05 14:57:41.210 I  HushDesk[9742:120a8] [com.apple.SafariPlatformSupport:SafariPlatformSupport] -[SPSafariPlatformSupport completionListPreferredContentSizeDidUpdate] with size {0, 0}, in window that is visible
2025-11-05 14:57:41.211 I  HushDesk[9742:120a8] [com.apple.AppKit:Window] order window: 13c op: 0 relative: 0 related: 0
2025-11-05 14:57:41.236 Df HushDesk[9742:120a8] [com.apple.xpc:connection] [0x87e4270c0] activating connection: mach=false listener=false peer=false name=com.apple.hiservices-xpcservice
2025-11-05 14:57:41.306 I  HushDesk[9742:120f3] [com.apple.AppKit:WindowTab] Indexing 1 items
2025-11-05 14:57:41.306 A  HushDesk[9742:120f3] (CoreSpotlight) end-index-batch
2025-11-05 14:57:41.306 Df HushDesk[9742:120f3] [com.apple.corespotlight:index] *warn* MailCS ======%%% _setMailMessageAttributes skip:1
2025-11-05 14:57:41.308 Df HushDesk[9742:120f3] (CoreSpotlight) Start service name com.apple.spotlightknowledged
2025-11-05 14:57:41.309 Df HushDesk[9742:120f3] [com.apple.corespotlight:default] [GMS] availability notification token 65
2025-11-05 14:57:41.309 I  HushDesk[9742:120f3] [com.apple.GenerativeModels:availability] useCaseIdentifier: textUnderstanding.TextPersonExtraction has externalModelProviders: <private> and providerSettingsUseCaseIdentifiers: <private>
2025-11-05 14:57:41.309 I  HushDesk[9742:120f3] [com.apple.GenerativeModels:availability] Current availability state: available, use cases: textUnderstanding.TextPersonExtraction, language: en, api: <private>
2025-11-05 14:57:41.309 I  HushDesk[9742:120f3] [com.apple.GenerativeModels:availability] useCaseIdentifier: com.apple.Settings.AppleIntelligence has externalModelProviders: <private> and providerSettingsUseCaseIdentifiers: <private>
2025-11-05 14:57:41.310 I  HushDesk[9742:120f3] [com.apple.GenerativeModels:availability] Current availability state: available, use cases: com.apple.Settings.AppleIntelligence, language: <any>, api: <private>
2025-11-05 14:57:41.310 A  HushDesk[9742:120f3] (CoreSpotlight) index-items
2025-11-05 14:57:41.378 I  HushDesk[9742:120a8] [com.apple.CFPasteboard:entry] CopyData('ApplePerContextInputPasteboard' (<CFUUID 0x880620920> CF79DE5B-FE65-487C-B0AD-5315586753A3) gen: -1 item: 1264739405 flavor: 'ApplePerContextInputFlavor')
2025-11-05 14:57:41.378 I  HushDesk[9742:120a8] [com.apple.CFPasteboard:cache] Rebuilding cache for 'ApplePerContextInputPasteboard' (<CFUUID 0x880620920> CF79DE5B-FE65-487C-B0AD-5315586753A3)
2025-11-05 14:57:41.378 I  HushDesk[9742:120a8] [com.apple.CFPasteboard:general] Will request data from daemon
2025-11-05 14:57:41.378 I  HushDesk[9742:120a8] [com.apple.CFPasteboard:exit] (not-in-cache) - result: 0 generation: 1 data (182 bytes) flags: 0
2025-11-05 14:57:41.378 I  HushDesk[9742:120a8] [com.apple.CFPasteboard:entry] CopyData('DefaultAsciiKeyboardLayoutPasteboard' (<CFUUID 0x880071840> 7C656B03-AC62-42BD-8EC6-8874378E6331) gen: -1 item: 1264739405 flavor: 'DefaultAsciiKeyboardLayoutFlavor')
2025-11-05 14:57:41.378 I  HushDesk[9742:120a8] [com.apple.CFPasteboard:exit] (not-in-cache) - result: -8 generation: 0 null data flags: 0
2025-11-05 14:57:41.549 I  HushDesk[9742:120a8] [com.apple.HIToolbox:MBDisplays] <private>
2025-11-05 14:57:41.549 I  HushDesk[9742:120a8] [com.apple.HIToolbox:MBDisplays] <private>
2025-11-05 14:57:46.052 Df HushDesk[9742:120a8] [com.apple.AppKit:AutomaticTermination] void _updateToReflectAutomaticTerminationState(void) Setting _kLSApplicationWouldBeTerminatedByTALKey=0
2025-11-05 14:57:52.043 Df HushDesk[9742:120d5] [com.apple.launchservices:default] LSExceptions shared instance invalidated for timeout.
2025-11-05 14:57:56.212 Df HushDesk[9742:120a8] [com.apple.AppKit:StateRestoration] -[NSPersistentUIManager flushAllChanges]
2025-11-05 14:57:56.212 Df HushDesk[9742:120a8] [com.apple.AppKit:StateRestoration] -[NSPersistentUIManager flushAllChanges] Emptying for initial flush.
2025-11-05 14:57:56.217 I  HushDesk[9742:120a8] [com.apple.launchservices:cas] Removing cached information for app [ 0x0-0x4c04c]  "HushDesk", as its seed is different from that in shared memory ( 535 vs 538)
2025-11-05 14:57:56.217 Df HushDesk[9742:120a8] [com.apple.AppKit:StateRestoration] -[NSPersistentUIManager flushAllChanges] finishing enqueued operations
2025-11-05 14:57:56.218 Df HushDesk[9742:12188] [com.apple.AppKit:StateRestoration] -[NSPersistentUIManager flushAllChanges]_block_invoke asyncing to main queue
2025-11-05 14:57:56.218 Df HushDesk[9742:120d5] [com.apple.AppKit:StateRestoration] -[NSPersistentUIManager flushAllChanges]_block_invoke writing records
2025-11-05 14:58:11.218 Df HushDesk[9742:120a8] [com.apple.AppKit:StateRestoration] -[NSPersistentUIManager flushAllChanges]
2025-11-05 14:58:11.230 Df HushDesk[9742:120a8] [com.apple.AppKit:StateRestoration] -[NSPersistentUIManager flushAllChanges] finishing enqueued operations
2025-11-05 14:58:11.230 Df HushDesk[9742:12188] [com.apple.AppKit:StateRestoration] -[NSPersistentUIManager flushAllChanges]_block_invoke asyncing to main queue
2025-11-05 14:58:11.230 Df HushDesk[9742:12260] [com.apple.AppKit:StateRestoration] -[NSPersistentUIManager flushAllChanges]_block_invoke writing records
2025-11-05 14:58:31.867 I  HushDesk[9742:120a8] [com.apple.AppKit:Window] context (0 -> 5570d84d) for window 13d
2025-11-05 14:58:31.868 I  HushDesk[9742:120a8] [com.apple.CoreAnalytics:client] Dropping "com.apple.appkit.app_config" as it isn't used in any transform (not in the config or budgeted?)
2025-11-05 14:58:31.868 I  HushDesk[9742:120a8] [com.apple.CoreAnalytics:client] Dropping "com.apple.appkit.app_config" as it isn't used in any transform (not in the config or budgeted?)
2025-11-05 14:58:31.870 I  HushDesk[9742:120a8] [com.apple.CoreAnalytics:client] Dropping "com.apple.appkit.app_config" as it isn't used in any transform (not in the config or budgeted?)
2025-11-05 14:58:31.870 I  HushDesk[9742:120a8] [com.apple.CoreAnalytics:client] Dropping "com.apple.appkit.app_config" as it isn't used in any transform (not in the config or budgeted?)
2025-11-05 14:58:31.871 I  HushDesk[9742:120a8] [com.apple.CoreAnalytics:client] Dropping "com.apple.appkit.app_config" as it isn't used in any transform (not in the config or budgeted?)
2025-11-05 14:58:31.874 A  HushDesk[9742:120a8] (CoreFoundation) Loading Preferences From User CFPrefsD
2025-11-05 14:58:31.874 I  HushDesk[9742:120a8] [com.apple.CoreAnalytics:client] Dropping "com.apple.appkit.app_config" as it isn't used in any transform (not in the config or budgeted?)
2025-11-05 14:58:31.887 I  HushDesk[9742:120a8] [com.apple.DesignLibrary:defaults] liveTuning=false
2025-11-05 14:58:31.890 I  HushDesk[9742:120a8] [com.apple.CoreAnalytics:client] Dropping "com.apple.appkit.app_config" as it isn't used in any transform (not in the config or budgeted?)
2025-11-05 14:58:31.891 I  HushDesk[9742:120a8] [com.apple.AppKit:Window] order window: 13d op: 1 relative: 0 related: 0
2025-11-05 14:58:31.891 I  HushDesk[9742:120a8] [com.apple.AppKit:Window] order window: 13d op: 1 relative: 0 related: 0
2025-11-05 14:58:31.891 I  HushDesk[9742:120a8] [com.apple.inputAnalytics.client:IATextInputActions] initWithAnalyticsMetadataObserver service
2025-11-05 14:58:31.891 I  HushDesk[9742:120a8] [com.apple.inputAnalytics.client:IAXPCClient] Initialized 0x87eb738e0
2025-11-05 14:58:31.891 I  HushDesk[9742:120a8] [com.apple.inputAnalytics.client:IAXPCClient] 0x87eb738e0 using shared remote object proxy
2025-11-05 14:58:31.891 I  HushDesk[9742:120a8] [com.apple.inputAnalytics.client:IAXPCClient] 0x87eb738e0 calling connection resume after shared instance
2025-11-05 14:58:31.891 Df HushDesk[9742:120a8] [com.apple.xpc:connection] [0x87e427d40] activating connection: mach=true listener=false peer=false name=com.apple.inputanalyticsd
2025-11-05 14:58:31.891 I  HushDesk[9742:120a8] [com.apple.inputAnalytics.client:IAXPCClient] IAXPCclient 0x87eb738e0 init created _connection 0x87fb96f80 _server 0x0 with IXAXPCProtocol
2025-11-05 14:58:31.891 I  HushDesk[9742:120a8] [com.apple.inputAnalytics.client:IATextInputActions] initialized new <private> xpc client 0x87eb738e0 with server 0x87e0a5db0
2025-11-05 14:58:31.892 I  HushDesk[9742:120a8] [com.apple.CoreAnalytics:client] Dropping "com.apple.appkit.app_config" as it isn't used in any transform (not in the config or budgeted?)
2025-11-05 14:58:32.072 I  HushDesk[9742:12261] [com.apple.AppKit:WindowTab] Indexing 1 items
2025-11-05 14:58:32.072 A  HushDesk[9742:12261] (CoreSpotlight) end-index-batch
2025-11-05 14:58:32.073 A  HushDesk[9742:12261] (CoreSpotlight) index-items
2025-11-05 14:58:32.364 I  HushDesk[9742:120a8] [com.apple.AppKit:Window] context (0 -> 74e10f08) for window 13e
2025-11-05 14:58:32.411 I  HushDesk[9742:120a8] [com.apple.AppKit:Window] order window: 13c op: 0 relative: 0 related: 0
2025-11-05 14:58:32.412 I  HushDesk[9742:120a8] [com.apple.SafariPlatformSupport:SafariPlatformSupport] -[SFSafariPlatformSupport credentialSelected:] with nil credential
2025-11-05 14:58:32.412 I  HushDesk[9742:120a8] [com.apple.SafariPlatformSupport:SafariPlatformSupport] -[SFSafariPlatformSupport oneTimeCodeSelected:] with nil code
2025-11-05 14:58:32.412 I  HushDesk[9742:120a8] [com.apple.AppKit:Window] window <NSPopupMenuWindow: 0x87e0f7900> windowNumber=13e finishing close
2025-11-05 14:58:32.412 I  HushDesk[9742:120a8] [com.apple.AppKit:Window] order window: 13e op: 0 relative: 0 related: 0
2025-11-05 14:58:33.708 I  HushDesk[9742:120a8] [com.apple.AppKit:Window] window <NSPopupMenuWindow: 0x87e745500> windowNumber=13d finishing close
2025-11-05 14:58:33.709 I  HushDesk[9742:120a8] [com.apple.AppKit:Window] order window: 13d op: 0 relative: 0 related: 0
2025-11-05 14:58:33.713 Df HushDesk[9742:120a8] [com.apple.BoardServices:XPCErrors] [C:3] Alloc com.apple.backboard.hid-services.xpc
2025-11-05 14:58:33.713 Df HushDesk[9742:120a8] [com.apple.xpc:connection] [0x87e124b40] activating connection: mach=false listener=false peer=false name=(anonymous)
2025-11-05 14:58:33.714 A  HushDesk[9742:120a8] (AppKit) perform action for menu item
2025-11-05 14:58:33.714 Df HushDesk[9742:12340] [com.apple.BackBoard:EventDelivery] BKSHIDEventDeliveryManager - connection activation
2025-11-05 14:58:33.714 A  HushDesk[9742:120a8] (AppKit) sendAction:
2025-11-05 14:58:33.714 Df HushDesk[9742:120a8] [com.apple.AppKit:Application] terminate:
2025-11-05 14:58:33.714 Df HushDesk[9742:120a8] [com.apple.AppKit:AutomaticTermination] void _NSDisableAutomaticTerminationAndLog(NSString *) Terminating
2025-11-05 14:58:33.714 Df HushDesk[9742:120a8] [com.apple.AppKit:Application] -[NSApplication _setShouldRestoreStateOnNextLaunch:] shouldRestore=0
2025-11-05 14:58:33.714 Df HushDesk[9742:120a8] [com.apple.AppKit:StateRestoration] -[NSApplication _pushPersistentStateTerminationGeneration] sPersistentStateTerminateStackHeight -> 1
2025-11-05 14:58:33.714 Df HushDesk[9742:120a8] [com.apple.AppKit:StateRestoration] -[NSPersistentUIManager discardAllPersistentStateAndClose]
2025-11-05 14:58:33.714 Df HushDesk[9742:120a8] [com.apple.AppKit:StateRestoration] -[NSPersistentUIManager _waitForPendingChangesToFinish] finishing pending changes
2025-11-05 14:58:33.714 Df HushDesk[9742:120a8] [com.apple.AppKit:StateRestoration] -[NSPersistentUIManager _finishEncodingImmediatelyWithCompletionHandler:] _encodingQueue=0x87e528870
2025-11-05 14:58:33.714 Df HushDesk[9742:120a8] [com.apple.AppKit:StateRestoration] -[NSPersistentUIManager _waitForPendingChangesToFinish] observer=0x880750a00
2025-11-05 14:58:33.714 Df HushDesk[9742:12260] [com.apple.AppKit:StateRestoration] -[NSPersistentUIManager _waitForPendingChangesToFinish]_block_invoke asyncing to main runloop
2025-11-05 14:58:33.714 Df HushDesk[9742:120a8] [com.apple.AppKit:StateRestoration] -[NSPersistentUIManager _waitForPendingChangesToFinish] spinning the runloop
2025-11-05 14:58:33.714 Df HushDesk[9742:120a8] [com.apple.AppKit:StateRestoration] -[NSPersistentUIManager _waitForPendingChangesToFinish]_block_invoke observer=0x880750a00 activity=1 depth=0 finished=0
2025-11-05 14:58:33.715 Df HushDesk[9742:12340] [com.apple.xpc:connection] [0x87e124c80] activating connection: mach=false listener=false peer=false name=com.apple.TextInputUI.xpc.CursorUIViewService
2025-11-05 14:58:33.715 Df HushDesk[9742:120a8] [com.apple.AppKit:StateRestoration] -[NSPersistentUIManager _waitForPendingChangesToFinish]_block_invoke finished=YES
2025-11-05 14:58:33.715 I  HushDesk[9742:120a8] [com.apple.SafariPlatformSupport:SafariPlatformSupport] -[SFSafariPlatformSupport credentialSelected:] with nil credential
2025-11-05 14:58:33.715 I  HushDesk[9742:120a8] [com.apple.SafariPlatformSupport:SafariPlatformSupport] -[SFSafariPlatformSupport oneTimeCodeSelected:] with nil code
2025-11-05 14:58:33.715 Df HushDesk[9742:12261] [com.apple.xpc:connection] [0x87e124c80] invalidated after the last release of the connection object
2025-11-05 14:58:33.716 I  HushDesk[9742:120a8] [com.apple.AppKit:Window] context (0 -> f0f5a46c) for window 13f
2025-11-05 14:58:33.717 I  HushDesk[9742:120a8] [com.apple.AppKit:Window] order window: 13f op: 0 relative: 0 related: 0
2025-11-05 14:58:33.719 Df HushDesk[9742:120a8] [com.apple.xpc:connection] [0x87e124dc0] activating connection: mach=false listener=false peer=false name=(anonymous)
2025-11-05 14:58:33.719 Df HushDesk[9742:120a8] [com.apple.xpc:connection] [0x87e124f00] activating connection: mach=false listener=false peer=false name=(anonymous)
2025-11-05 14:58:33.719 Df HushDesk[9742:120a8] [com.apple.AppKit:StateRestoration] -[NSPersistentUIManager _waitForPendingChangesToFinish]_block_invoke observer=0x880750a00 activity=128 depth=1 finished=1
2025-11-05 14:58:33.719 Df HushDesk[9742:120a8] [com.apple.AppKit:StateRestoration] -[NSPersistentUIManager _waitForPendingChangesToFinish] completed spinning the runloop
2025-11-05 14:58:33.719 Df HushDesk[9742:120a8] [com.apple.AppKit:StateRestoration] -[NSPersistentUIManager _waitForPendingChangesToFinish] finished waiting
2025-11-05 14:58:33.719 Df HushDesk[9742:120a8] [com.apple.AppKit:StateRestoration] -[NSPersistentUIManager _flushPendingPostEncodingChangesSynchronously] workQueue=0x8802eb400
2025-11-05 14:58:33.719 Df HushDesk[9742:120a8] [com.apple.AppKit:StateRestoration] -[NSPersistentUIManager _flushPendingPostEncodingChangesSynchronously]_block_invoke _windowSnapshotter=0x87e43f340
2025-11-05 14:58:33.719 Df HushDesk[9742:120a8] [com.apple.AppKit:StateRestoration] -[NSPersistentUIWindowSnapshotter flushPendingSnapshotsSynchronously] _workQueue=0x8802eb480
2025-11-05 14:58:33.719 Df HushDesk[9742:120a8] [com.apple.AppKit:StateRestoration] -[NSPersistentUIManager _flushPendingPostEncodingChangesSynchronously]_block_invoke _store=0x88030db60
2025-11-05 14:58:33.719 Df HushDesk[9742:120a8] [com.apple.AppKit:StateRestoration] -[NSPersistentUIManager _waitForPendingChangesToFinish] finished flushing
2025-11-05 14:58:33.719 Df HushDesk[9742:120a8] [com.apple.AppKit:Application] Attempting sudden termination (1st attempt)
2025-11-05 14:58:33.719 Df HushDesk[9742:120a8] [com.apple.AppKit:Application] Checking whether app should terminate
2025-11-05 14:58:33.720 Df HushDesk[9742:120a8] [com.apple.AppKit:Application] Asking app delegate whether applicationShouldTerminate:
2025-11-05 14:58:33.724 I  HushDesk[9742:120a8] [com.apple.SafariPlatformSupport:SafariPlatformSupport] Updating completion list window visibility to false after parent window 'visible' changed; parent window is visible: false; completion list has content to show: false
2025-11-05 14:58:33.724 I  HushDesk[9742:120a8] [com.apple.AppKit:Window] order window: 13f op: 0 relative: 0 related: 0
2025-11-05 14:58:33.725 I  HushDesk[9742:120a8] [com.apple.CFPasteboard:entry] CopyData('DefaultAsciiKeyboardLayoutPasteboard' (<CFUUID 0x880071840> 7C656B03-AC62-42BD-8EC6-8874378E6331) gen: -1 item: 1264739405 flavor: 'DefaultAsciiKeyboardLayoutFlavor')
2025-11-05 14:58:33.725 I  HushDesk[9742:120a8] [com.apple.CFPasteboard:exit] (not-in-cache) - result: -8 generation: 0 null data flags: 0
2025-11-05 14:58:33.726 I  HushDesk[9742:120a8] [com.apple.SafariPlatformSupport:SafariPlatformSupport] Cleaning up AutoFill session in response to NSWindowDidResignKeyNotification
2025-11-05 14:58:33.726 I  HushDesk[9742:120a8] [com.apple.SafariPlatformSupport:SafariPlatformSupport] -[SFSafariPlatformSupport credentialSelected:] with nil credential
2025-11-05 14:58:33.726 I  HushDesk[9742:120a8] [com.apple.AppKit:Window] order window: 13f op: 0 relative: 0 related: 0
2025-11-05 14:58:33.726 I  HushDesk[9742:120a8] [com.apple.SafariPlatformSupport:SafariPlatformSupport] -[SFSafariPlatformSupport oneTimeCodeSelected:] with nil code
2025-11-05 14:58:33.728 Df HushDesk[9742:120a8] [com.apple.AppKit:StateRestoration] -[NSApplication _pushPersistentStateTerminationGeneration] sPersistentStateTerminateStackHeight -> 2
2025-11-05 14:58:33.728 I  HushDesk[9742:120a8] [com.apple.AppKit:Intelligence] stopping collection observation
2025-11-05 14:58:33.728 Df HushDesk[9742:12340] [com.apple.xpc:connection] [0x87e426080] invalidated because the current process cancelled the connection by calling xpc_connection_cancel()
2025-11-05 14:58:33.729 Df HushDesk[9742:12340] [com.apple.xpc:session] [0x87e786170] Session canceled.
2025-11-05 14:58:33.729 Df HushDesk[9742:12261] [com.apple.UIIntelligenceSupport:xpc] agent connection cancelled (details: Session manually canceled)
2025-11-05 14:58:33.729 Df HushDesk[9742:12261] [com.apple.xpc:session] [0x87e786170] Disposing of session
2025-11-05 14:58:33.729 I  HushDesk[9742:120a8] [com.apple.AppKit:Window] context (f0f5a46c -> 0) for window 13f
2025-11-05 14:58:33.730 I  HushDesk[9742:120a8] [com.apple.SafariPlatformSupport:SafariPlatformSupport] -[SFSafariPlatformSupport credentialSelected:] with nil credential
2025-11-05 14:58:33.730 I  HushDesk[9742:120a8] [com.apple.SafariPlatformSupport:SafariPlatformSupport] -[SFSafariPlatformSupport oneTimeCodeSelected:] with nil code
2025-11-05 14:58:33.730 I  HushDesk[9742:120a8] [com.apple.AppKit:Window] window <QNSWindow: 0x880165400> windowNumber=132 finishing close
2025-11-05 14:58:33.731 Df HushDesk[9742:120a8] [com.apple.AppKit:Application] applicationShouldTerminate: NSTerminateCancel
2025-11-05 14:58:33.731 Df HushDesk[9742:120a8] [com.apple.AppKit:Application] replyToApplicationShouldTerminate:NO
2025-11-05 14:58:33.731 Df HushDesk[9742:120a8] [com.apple.AppKit:Application] App termination canceled
2025-11-05 14:58:33.731 Df HushDesk[9742:120a8] [com.apple.AppKit:StateRestoration] -[NSApplication _popPersistentStateTerminationGeneration] sPersistentStateTerminateStackHeight -> 1
2025-11-05 14:58:33.731 Df HushDesk[9742:120a8] [com.apple.AppKit:AutomaticTermination] void _NSEnableAutomaticTerminationAndLog(NSString *) Terminating
2025-11-05 14:58:33.731 Df HushDesk[9742:120a8] [com.apple.AppKit:Application] Termination aborted
2025-11-05 14:58:33.734 I  HushDesk[9742:120a8] [com.apple.AppKit:Menu] Donating invocation type Mouse for menu item <QCocoaNSMenuItem: 0x8802d46c0, ke='Command-Q', action: terminate:, action image: Quit_app>
2025-11-05 14:58:33.735 Df HushDesk[9742:12261] [com.apple.xpc:connection] [0x87e125180] activating connection: mach=true listener=false peer=false name=com.apple.proactive.app-client.donation
2025-11-05 14:58:33.736 I  HushDesk[9742:120a8] [com.apple.AppKit:Window] context (74e10f08 -> 0) for window 13e
2025-11-05 14:58:33.738 I  HushDesk[9742:120a8] [com.apple.AppKit:Window] context (5570d84d -> 0) for window 13d
2025-11-05 14:58:33.747 I  HushDesk[9742:120a8] [com.apple.SafariPlatformSupport:SafariPlatformSupport] -[SPSafariPlatformSupport completionListPreferredContentSizeDidUpdate] with size {0, 0}, in window that is NOT visible
2025-11-05 14:58:33.747 I  HushDesk[9742:120a8] [com.apple.AppKit:Window] context (e0d2222b -> 0) for window 13c
2025-11-05 14:58:33.750 Df HushDesk[9742:120a8] [com.apple.appleevents:main] OSErr AERemoveEventHandler(AEEventClass, AEEventID, AEEventHandlerUPP, Boolean)(GURL,GURL handler=0x1a1b1b638 isSys=NO) err=0/noErr
2025-11-05 14:58:33.766 Df HushDesk[9742:12340] [com.apple.xpc:connection] [0x87e124000] activating connection: mach=true listener=false peer=false name=com.apple.powerlog.plxpclogger.xpc
2025-11-05 14:58:33.766 Df HushDesk[9742:120a8] [com.apple.CoreAnalytics:client] Entering exit handler.
2025-11-05 14:58:33.766 Df HushDesk[9742:120a8] [com.apple.CoreAnalytics:client] Queueing exit procedure onto XPC queue. Any further messages sent will be discarded. activeSendTransactions=0
2025-11-05 14:58:33.766 Df HushDesk[9742:12260] [com.apple.CoreAnalytics:client] Cancelling XPC connection. Any further reply handler invocations will not retry messages
2025-11-05 14:58:33.766 Df HushDesk[9742:12260] [com.apple.xpc:connection] [0x87e424640] invalidated because the current process cancelled the connection by calling xpc_connection_cancel()
2025-11-05 14:58:33.766 Df HushDesk[9742:120a8] [com.apple.CoreAnalytics:client] Exiting exit handler.
2025-11-05 14:58:33.766 Df HushDesk[9742:1235c] [com.apple.CoreAnalytics:client] XPC connection invalidated (daemon unloaded/disabled)
